2026-06-26T10:00:57.3818312Z Current runner version: '2.335.1'
2026-06-26T10:00:57.3843570Z ##[group]Runner Image Provisioner
2026-06-26T10:00:57.3844565Z Hosted Compute Agent
2026-06-26T10:00:57.3845176Z Version: 20260611.554
2026-06-26T10:00:57.3846202Z Commit: 5e0782fdc9014723d3be820dd114dd31555c2bd1
2026-06-26T10:00:57.3846982Z Build Date: 2026-06-11T21:40:46Z
2026-06-26T10:00:57.3847749Z Worker ID: {fcd21cb4-f45e-4ed6-b87b-d83590aafc83}
2026-06-26T10:00:57.3848609Z Azure Region: westcentralus
2026-06-26T10:00:57.3849347Z ##[endgroup]
2026-06-26T10:00:57.3850747Z ##[group]Operating System
2026-06-26T10:00:57.3851419Z Ubuntu
2026-06-26T10:00:57.3852006Z 24.04.4
2026-06-26T10:00:57.3852595Z LTS
2026-06-26T10:00:57.3853138Z ##[endgroup]
2026-06-26T10:00:57.3853695Z ##[group]Runner Image
2026-06-26T10:00:57.3854375Z Image: ubuntu-24.04
2026-06-26T10:00:57.3855003Z Version: 20260622.220.1
2026-06-26T10:00:57.3856491Z Included Software: https://github.com/actions/runner-images/blob/ubuntu24/20260622.220/images/ubuntu/Ubuntu2404-Readme.md
2026-06-26T10:00:57.3858036Z Image Release: https://github.com/actions/runner-images/releases/tag/ubuntu24%2F20260622.220
2026-06-26T10:00:57.3859125Z ##[endgroup]
2026-06-26T10:00:57.3861929Z ##[group]GITHUB_TOKEN Permissions
2026-06-26T10:00:57.3864138Z Actions: read
2026-06-26T10:00:57.3864763Z ArtifactMetadata: read
2026-06-26T10:00:57.3865488Z Attestations: read
2026-06-26T10:00:57.3866282Z Checks: read
2026-06-26T10:00:57.3866832Z CodeQuality: read
2026-06-26T10:00:57.3867490Z Contents: read
2026-06-26T10:00:57.3868052Z Deployments: read
2026-06-26T10:00:57.3868661Z Discussions: read
2026-06-26T10:00:57.3869284Z Issues: read
2026-06-26T10:00:57.3869837Z Metadata: read
2026-06-26T10:00:57.3870440Z Models: read
2026-06-26T10:00:57.3870998Z Packages: read
2026-06-26T10:00:57.3871643Z Pages: read
2026-06-26T10:00:57.3872352Z PullRequests: read
2026-06-26T10:00:57.3872961Z RepositoryProjects: read
2026-06-26T10:00:57.3873635Z SecurityEvents: read
2026-06-26T10:00:57.3874241Z Statuses: read
2026-06-26T10:00:57.3874806Z VulnerabilityAlerts: read
2026-06-26T10:00:57.3875536Z ##[endgroup]
2026-06-26T10:00:57.3878207Z Secret source: None
2026-06-26T10:00:57.3879038Z Prepare workflow directory
2026-06-26T10:00:57.4216581Z Prepare all required actions
2026-06-26T10:00:57.4253798Z Getting action download info
2026-06-26T10:00:57.7404226Z Download action repository 'tomphp/github-actions@v0.8.1' (SHA:3bc712dfe6daa7e0a6b9a8a163b6525dce2f603e)
2026-06-26T10:00:58.1028918Z Getting action download info
2026-06-26T10:00:58.2622130Z Download action repository 'actions/checkout@v4' (SHA:34e114876b0b11c390a56381ad16ebd13914f8d5)
2026-06-26T10:00:58.2950419Z Download action repository 'tomphp/github-actions@v0.7.0' (SHA:0ff4ad96e5382526d2e25f6e7589248f9960a5c8)
2026-06-26T10:00:58.5288406Z Download action repository 'actions-rust-lang/setup-rust-toolchain@v1' (SHA:166cdcfd11aee3cb47222f9ddb555ce30ddb9659)
2026-06-26T10:00:58.8296308Z Getting action download info
2026-06-26T10:00:58.9447693Z Download action repository 'actions/cache@v5' (SHA:27d5ce7f107fe9357f9df03efb73ab90386fccae)
2026-06-26T10:00:59.1539174Z Getting action download info
2026-06-26T10:00:59.2694900Z Download action repository 'Swatinem/rust-cache@c19371144df3bb44fab255c43d04cbc2ab54d1c4' (SHA:c19371144df3bb44fab255c43d04cbc2ab54d1c4)
2026-06-26T10:01:00.2433581Z Uses: specdown/specdown/.github/workflows/run-tests.yml@refs/pull/583/merge (71471aba295ad0b1b05aa0541c268eb8bfcb8511)
2026-06-26T10:01:00.2437701Z Complete job name: run-tests / cargo-audit
2026-06-26T10:01:00.3068728Z ##[group]Run tomphp/github-actions/checkout-rust-project@v0.8.1
2026-06-26T10:01:00.3069457Z with:
2026-06-26T10:01:00.3069737Z   rust-profile: minimal
2026-06-26T10:01:00.3070034Z   rust-toolchain: stable
2026-06-26T10:01:00.3070328Z   rust-default: true
2026-06-26T10:01:00.3070744Z ##[endgroup]
2026-06-26T10:01:00.3349074Z Node 20 is being deprecated. This workflow is running with Node 24 by default. If you need to temporarily use Node 20, you can set the ACTIONS_ALLOW_USE_UNSECURE_NODE_VERSION=true environment variable. For more information see: https://github.blog/changelog/2025-09-19-deprecation-of-node-20-on-github-actions-runners/
2026-06-26T10:01:00.3351209Z ##[group]Run actions/checkout@v4
2026-06-26T10:01:00.3351546Z with:
2026-06-26T10:01:00.3351812Z   repository: specdown/specdown
2026-06-26T10:01:00.3355024Z   token: ***
2026-06-26T10:01:00.3355292Z   ssh-strict: true
2026-06-26T10:01:00.3355556Z   ssh-user: git
2026-06-26T10:01:00.3356108Z   persist-credentials: true
2026-06-26T10:01:00.3356424Z   clean: true
2026-06-26T10:01:00.3356706Z   sparse-checkout-cone-mode: true
2026-06-26T10:01:00.3357023Z   fetch-depth: 1
2026-06-26T10:01:00.3357285Z   fetch-tags: false
2026-06-26T10:01:00.3357551Z   show-progress: true
2026-06-26T10:01:00.3357826Z   lfs: false
2026-06-26T10:01:00.3358081Z   submodules: false
2026-06-26T10:01:00.3358367Z   set-safe-directory: true
2026-06-26T10:01:00.3358670Z ##[endgroup]
2026-06-26T10:01:00.4357379Z Syncing repository: specdown/specdown
2026-06-26T10:01:00.4358925Z ##[group]Getting Git version info
2026-06-26T10:01:00.4359396Z Working directory is '/home/runner/work/specdown/specdown'
2026-06-26T10:01:00.4360166Z [command]/usr/bin/git version
2026-06-26T10:01:00.4429471Z git version 2.54.0
2026-06-26T10:01:00.4451609Z ##[endgroup]
2026-06-26T10:01:00.4467424Z Temporarily overriding HOME='/home/runner/work/_temp/45d975df-6c4c-4560-b8e6-02ac12eb4630' before making global git config changes
2026-06-26T10:01:00.4468936Z Adding repository directory to the temporary git global config as a safe directory
2026-06-26T10:01:00.4473979Z [command]/usr/bin/git config --global --add safe.directory /home/runner/work/specdown/specdown
2026-06-26T10:01:00.4527301Z Deleting the contents of '/home/runner/work/specdown/specdown'
2026-06-26T10:01:00.4531948Z ##[group]Initializing the repository
2026-06-26T10:01:00.4536423Z [command]/usr/bin/git init /home/runner/work/specdown/specdown
2026-06-26T10:01:00.4676590Z hint: Using 'master' as the name for the initial branch. This default branch name
2026-06-26T10:01:00.4677651Z hint: will change to "main" in Git 3.0. To configure the initial branch name
2026-06-26T10:01:00.4678275Z hint: to use in all of your new repositories, which will suppress this warning,
2026-06-26T10:01:00.4678737Z hint: call:
2026-06-26T10:01:00.4679024Z hint:
2026-06-26T10:01:00.4679379Z hint: 	git config --global init.defaultBranch <name>
2026-06-26T10:01:00.4679843Z hint:
2026-06-26T10:01:00.4680469Z hint: Names commonly chosen instead of 'master' are 'main', 'trunk' and
2026-06-26T10:01:00.4681380Z hint: 'development'. The just-created branch can be renamed via this command:
2026-06-26T10:01:00.4683474Z hint:
2026-06-26T10:01:00.4683953Z hint: 	git branch -m <name>
2026-06-26T10:01:00.4684423Z hint:
2026-06-26T10:01:00.4693374Z hint: Disable this message with "git config set advice.defaultBranchName false"
2026-06-26T10:01:00.4694102Z Initialized empty Git repository in /home/runner/work/specdown/specdown/.git/
2026-06-26T10:01:00.4703730Z [command]/usr/bin/git remote add origin https://github.com/specdown/specdown
2026-06-26T10:01:00.4779317Z ##[endgroup]
2026-06-26T10:01:00.4780124Z ##[group]Disabling automatic garbage collection
2026-06-26T10:01:00.4783612Z [command]/usr/bin/git config --local gc.auto 0
2026-06-26T10:01:00.4818131Z ##[endgroup]
2026-06-26T10:01:00.4820181Z ##[group]Setting up auth
2026-06-26T10:01:00.4832497Z [command]/usr/bin/git config --local --name-only --get-regexp core\.sshCommand
2026-06-26T10:01:00.4864389Z [command]/usr/bin/git submodule foreach --recursive sh -c "git config --local --name-only --get-regexp 'core\.sshCommand' && git config --local --unset-all 'core.sshCommand' || :"
2026-06-26T10:01:00.5214223Z [command]/usr/bin/git config --local --name-only --get-regexp http\.https\:\/\/github\.com\/\.extraheader
2026-06-26T10:01:00.5246931Z [command]/usr/bin/git submodule foreach --recursive sh -c "git config --local --name-only --get-regexp 'http\.https\:\/\/github\.com\/\.extraheader' && git config --local --unset-all 'http.https://github.com/.extraheader' || :"
2026-06-26T10:01:00.5480096Z [command]/usr/bin/git config --local --name-only --get-regexp ^includeIf\.gitdir:
2026-06-26T10:01:00.5513110Z [command]/usr/bin/git submodule foreach --recursive git config --local --show-origin --name-only --get-regexp remote.origin.url
2026-06-26T10:01:00.5749989Z [command]/usr/bin/git config --local http.https://github.com/.extraheader AUTHORIZATION: basic ***
2026-06-26T10:01:00.5786080Z ##[endgroup]
2026-06-26T10:01:00.5786912Z ##[group]Fetching the repository
2026-06-26T10:01:00.5795443Z [command]/usr/bin/git -c protocol.version=2 fetch --no-tags --prune --no-recurse-submodules --depth=1 origin +71471aba295ad0b1b05aa0541c268eb8bfcb8511:refs/remotes/pull/583/merge
2026-06-26T10:01:01.1925232Z From https://github.com/specdown/specdown
2026-06-26T10:01:01.1926584Z  * [new ref]         71471aba295ad0b1b05aa0541c268eb8bfcb8511 -> pull/583/merge
2026-06-26T10:01:01.1963412Z ##[endgroup]
2026-06-26T10:01:01.1964028Z ##[group]Determining the checkout info
2026-06-26T10:01:01.1971538Z ##[endgroup]
2026-06-26T10:01:01.1972592Z [command]/usr/bin/git sparse-checkout disable
2026-06-26T10:01:01.2022981Z [command]/usr/bin/git config --local --unset-all extensions.worktreeConfig
2026-06-26T10:01:01.2062175Z ##[group]Checking out the ref
2026-06-26T10:01:01.2067980Z [command]/usr/bin/git checkout --progress --force refs/remotes/pull/583/merge
2026-06-26T10:01:01.2159180Z Note: switching to 'refs/remotes/pull/583/merge'.
2026-06-26T10:01:01.2159806Z 
2026-06-26T10:01:01.2160395Z You are in 'detached HEAD' state. You can look around, make experimental
2026-06-26T10:01:01.2161402Z changes and commit them, and you can discard any commits you make in this
2026-06-26T10:01:01.2162357Z state without impacting any branches by switching back to a branch.
2026-06-26T10:01:01.2162963Z 
2026-06-26T10:01:01.2163433Z If you want to create a new branch to retain commits you create, you may
2026-06-26T10:01:01.2164198Z do so (now or later) by using -c with the switch command. Example:
2026-06-26T10:01:01.2164616Z 
2026-06-26T10:01:01.2164874Z   git switch -c <new-branch-name>
2026-06-26T10:01:01.2165176Z 
2026-06-26T10:01:01.2165426Z Or undo this operation with:
2026-06-26T10:01:01.2165716Z 
2026-06-26T10:01:01.2166190Z   git switch -
2026-06-26T10:01:01.2166694Z 
2026-06-26T10:01:01.2167080Z Turn off this advice by setting config variable advice.detachedHead to false
2026-06-26T10:01:01.2167624Z 
2026-06-26T10:01:01.2168192Z HEAD is now at 71471ab Merge 29a521828990200c2e432ffdfea8c2f484cb1adc into ed29e94538cbb7ac8c2eaab6fe6f9d597a5b618f
2026-06-26T10:01:01.2169270Z ##[endgroup]
2026-06-26T10:01:01.2214335Z [command]/usr/bin/git log -1 --format=%H
2026-06-26T10:01:01.2240396Z 71471aba295ad0b1b05aa0541c268eb8bfcb8511
2026-06-26T10:01:01.2441661Z ##[group]Run tomphp/github-actions/cache-cargo-dependencies@v0.7.0
2026-06-26T10:01:01.2442048Z ##[endgroup]
2026-06-26T10:01:01.3189141Z ##[group]Run actions/cache@v5
2026-06-26T10:01:01.3189436Z with:
2026-06-26T10:01:01.3189817Z   key: Linux-cargo-5bfb02d0c4a8cdb500f8df3b543f7be27be4199b3517f111bfb351f95eaca541
2026-06-26T10:01:01.3190377Z   path: .cache
~/.cargo/registry
~/.cargo/git
~/.cargo/bin
target

2026-06-26T10:01:01.3190749Z   enableCrossOsArchive: false
2026-06-26T10:01:01.3191014Z   fail-on-cache-miss: false
2026-06-26T10:01:01.3191259Z   lookup-only: false
2026-06-26T10:01:01.3191481Z   save-always: false
2026-06-26T10:01:01.3191690Z ##[endgroup]
2026-06-26T10:01:01.6611893Z Cache hit for: Linux-cargo-5bfb02d0c4a8cdb500f8df3b543f7be27be4199b3517f111bfb351f95eaca541
2026-06-26T10:01:02.9031018Z Received 29360128 of 87032161 (33.7%), 28.0 MBs/sec
2026-06-26T10:01:03.2562283Z Received 87032161 of 87032161 (100.0%), 61.3 MBs/sec
2026-06-26T10:01:03.2563903Z Cache Size: ~83 MB (87032161 B)
2026-06-26T10:01:03.2605005Z [command]/usr/bin/tar -xf /home/runner/work/_temp/00aa1fd5-a9eb-4bf9-a6f1-e30141b0db36/cache.tzst -P -C /home/runner/work/specdown/specdown --use-compress-program unzstd
2026-06-26T10:01:04.1274108Z Cache restored successfully
2026-06-26T10:01:04.1397146Z Cache restored from key: Linux-cargo-5bfb02d0c4a8cdb500f8df3b543f7be27be4199b3517f111bfb351f95eaca541
2026-06-26T10:01:04.1668342Z ##[group]Run actions-rust-lang/setup-rust-toolchain@v1
2026-06-26T10:01:04.1668700Z with:
2026-06-26T10:01:04.1668921Z   toolchain: stable
2026-06-26T10:01:04.1669137Z   cache: false
2026-06-26T10:01:04.1669358Z   cache-on-failure: true
2026-06-26T10:01:04.1669605Z   cache-bin: true
2026-06-26T10:01:04.1669845Z   cache-provider: github
2026-06-26T10:01:04.1670088Z   cache-all-crates: false
2026-06-26T10:01:04.1670349Z   cache-workspace-crates: false
2026-06-26T10:01:04.1670638Z   cache-save-if: true
2026-06-26T10:01:04.1670883Z   cache-targets: true
2026-06-26T10:01:04.1671104Z   matcher: true
2026-06-26T10:01:04.1671337Z   rustflags: -D warnings
2026-06-26T10:01:04.1671571Z   override: true
2026-06-26T10:01:04.1671788Z ##[endgroup]
2026-06-26T10:01:04.1776701Z ##[group]Run : construct rustup command line
2026-06-26T10:01:04.1777163Z [36;1m: construct rustup command line[0m
2026-06-26T10:01:04.1777719Z [36;1mecho "targets=$(for t in ${_srt_targets//,/ }; do echo -n ' --target' $t; done)" >> $GITHUB_OUTPUT[0m
2026-06-26T10:01:04.1778421Z [36;1mecho "components=$(for c in ${_srt_components//,/ }; do echo -n ' --component' $c; done)" >> $GITHUB_OUTPUT[0m
2026-06-26T10:01:04.1778980Z [36;1mecho "downgrade=" >> $GITHUB_OUTPUT[0m
2026-06-26T10:01:04.1935725Z shell: /usr/bin/bash --noprofile --norc -e -o pipefail {0}
2026-06-26T10:01:04.1936460Z env:
2026-06-26T10:01:04.1936680Z   _srt_targets: 
2026-06-26T10:01:04.1936939Z   _srt_components: 
2026-06-26T10:01:04.1937226Z ##[endgroup]
2026-06-26T10:01:04.2078130Z ##[group]Run if [[ ! -v CARGO_INCREMENTAL ]]; then
2026-06-26T10:01:04.2078604Z [36;1mif [[ ! -v CARGO_INCREMENTAL ]]; then[0m
2026-06-26T10:01:04.2078960Z [36;1m  echo "CARGO_INCREMENTAL=0" >> $GITHUB_ENV[0m
2026-06-26T10:01:04.2079279Z [36;1mfi[0m
2026-06-26T10:01:04.2079535Z [36;1mif [[ ! -v CARGO_PROFILE_DEV_DEBUG ]]; then[0m
2026-06-26T10:01:04.2079909Z [36;1m  echo "CARGO_PROFILE_DEV_DEBUG=0" >> $GITHUB_ENV[0m
2026-06-26T10:01:04.2080260Z [36;1mfi[0m
2026-06-26T10:01:04.2080493Z [36;1mif [[ ! -v CARGO_TERM_COLOR ]]; then[0m
2026-06-26T10:01:04.2080933Z [36;1m  echo "CARGO_TERM_COLOR=always" >> $GITHUB_ENV[0m
2026-06-26T10:01:04.2081235Z [36;1mfi[0m
2026-06-26T10:01:04.2081450Z [36;1mif [[ ! -v RUST_BACKTRACE ]]; then[0m
2026-06-26T10:01:04.2081780Z [36;1m  echo "RUST_BACKTRACE=short" >> $GITHUB_ENV[0m
2026-06-26T10:01:04.2082112Z [36;1mfi[0m
2026-06-26T10:01:04.2082391Z [36;1mif [[ ( ! -v RUSTFLAGS ) && $_srt_NEW_RUSTFLAGS != "" ]]; then[0m
2026-06-26T10:01:04.2082795Z [36;1m  echo "RUSTFLAGS=$_srt_NEW_RUSTFLAGS" >> $GITHUB_ENV[0m
2026-06-26T10:01:04.2083114Z [36;1mfi[0m
2026-06-26T10:01:04.2083351Z [36;1m# Enable faster sparse index on nightly[0m
2026-06-26T10:01:04.2083745Z [36;1m# The value is ignored on stable and causes no problems[0m
2026-06-26T10:01:04.2084305Z [36;1m# https://internals.rust-lang.org/t/call-for-testing-cargo-sparse-registry/16862[0m
2026-06-26T10:01:04.2084874Z [36;1mif [[ ! -v CARGO_UNSTABLE_SPARSE_REGISTRY ]]; then[0m
2026-06-26T10:01:04.2085281Z [36;1m  echo "CARGO_UNSTABLE_SPARSE_REGISTRY=true" >> $GITHUB_ENV[0m
2026-06-26T10:01:04.2085627Z [36;1mfi[0m
2026-06-26T10:01:04.2086147Z [36;1mif [[ ! -v CARGO_REGISTRIES_CRATES_IO_PROTOCOL ]]; then[0m
2026-06-26T10:01:04.2086621Z [36;1m  echo "CARGO_REGISTRIES_CRATES_IO_PROTOCOL=sparse" >> $GITHUB_ENV[0m
2026-06-26T10:01:04.2087728Z [36;1mfi[0m
2026-06-26T10:01:04.2123774Z shell: /usr/bin/bash --noprofile --norc -e -o pipefail {0}
2026-06-26T10:01:04.2124149Z env:
2026-06-26T10:01:04.2124423Z   _srt_NEW_RUSTFLAGS: -D warnings
2026-06-26T10:01:04.2124688Z ##[endgroup]
2026-06-26T10:01:04.2229364Z ##[group]Run echo "::add-matcher::/home/runner/work/_actions/actions-rust-lang/setup-rust-toolchain/v1/rust.json"
2026-06-26T10:01:04.2230191Z [36;1mecho "::add-matcher::/home/runner/work/_actions/actions-rust-lang/setup-rust-toolchain/v1/rust.json"[0m
2026-06-26T10:01:04.2260600Z shell: /usr/bin/bash --noprofile --norc -e -o pipefail {0}
2026-06-26T10:01:04.2260964Z env:
2026-06-26T10:01:04.2261190Z   CARGO_INCREMENTAL: 0
2026-06-26T10:01:04.2261449Z   CARGO_PROFILE_DEV_DEBUG: 0
2026-06-26T10:01:04.2261711Z   CARGO_TERM_COLOR: always
2026-06-26T10:01:04.2261962Z   RUST_BACKTRACE: short
2026-06-26T10:01:04.2262193Z   RUSTFLAGS: -D warnings
2026-06-26T10:01:04.2262444Z   CARGO_UNSTABLE_SPARSE_REGISTRY: true
2026-06-26T10:01:04.2262769Z   CARGO_REGISTRIES_CRATES_IO_PROTOCOL: sparse
2026-06-26T10:01:04.2263064Z ##[endgroup]
2026-06-26T10:01:04.2358233Z ##[group]Run if ! command -v rustup &> /dev/null ; then
2026-06-26T10:01:04.2358646Z [36;1mif ! command -v rustup &> /dev/null ; then[0m
2026-06-26T10:01:04.2359309Z [36;1m  curl --proto '=https' --tlsv1.2 --retry 10 --retry-connrefused -fsSL "https://sh.rustup.rs" | sh -s -- --default-toolchain none -y[0m
2026-06-26T10:01:04.2359897Z [36;1m[0m
2026-06-26T10:01:04.2360195Z [36;1m  # Resolve the correct CARGO_HOME path depending on OS[0m
2026-06-26T10:01:04.2360588Z [36;1m  if [[ "$RUNNER_OS" == "Windows" ]]; then[0m
2026-06-26T10:01:04.2361021Z [36;1m    echo "${CARGO_HOME:-$USERPROFILE/.cargo}/bin" | sed 's|/|\\|g' >> $GITHUB_PATH[0m
2026-06-26T10:01:04.2361430Z [36;1m  else[0m
2026-06-26T10:01:04.2361722Z [36;1m    echo "${CARGO_HOME:-$HOME/.cargo}/bin" >> $GITHUB_PATH[0m
2026-06-26T10:01:04.2362049Z [36;1m  fi[0m
2026-06-26T10:01:04.2362264Z [36;1mfi[0m
2026-06-26T10:01:04.2391862Z shell: /usr/bin/bash --noprofile --norc -e -o pipefail {0}
2026-06-26T10:01:04.2392210Z env:
2026-06-26T10:01:04.2392432Z   CARGO_INCREMENTAL: 0
2026-06-26T10:01:04.2392688Z   CARGO_PROFILE_DEV_DEBUG: 0
2026-06-26T10:01:04.2392946Z   CARGO_TERM_COLOR: always
2026-06-26T10:01:04.2393186Z   RUST_BACKTRACE: short
2026-06-26T10:01:04.2393426Z   RUSTFLAGS: -D warnings
2026-06-26T10:01:04.2393690Z   CARGO_UNSTABLE_SPARSE_REGISTRY: true
2026-06-26T10:01:04.2394034Z   CARGO_REGISTRIES_CRATES_IO_PROTOCOL: sparse
2026-06-26T10:01:04.2394395Z   RUNNER_OS: Linux
2026-06-26T10:01:04.2394619Z ##[endgroup]
2026-06-26T10:01:04.2474892Z ##[group]Run # Check if value is set
2026-06-26T10:01:04.2475239Z [36;1m# Check if value is set[0m
2026-06-26T10:01:04.2475529Z [36;1mif [[ -n "$_srt_rust_src_dir" ]][0m
2026-06-26T10:01:04.2476063Z [36;1mthen[0m
2026-06-26T10:01:04.2476352Z [36;1m  # If value is set the directory must exist[0m
2026-06-26T10:01:04.2476706Z [36;1m  if [[ -d "$_srt_rust_src_dir" ]][0m
2026-06-26T10:01:04.2476990Z [36;1m  then[0m
2026-06-26T10:01:04.2477218Z [36;1m    cd "$_srt_rust_src_dir"[0m
2026-06-26T10:01:04.2477485Z [36;1m  else[0m
2026-06-26T10:01:04.2477810Z [36;1m    echo "'rust-src-dir' does not point to an existing directory" >&2[0m
2026-06-26T10:01:04.2478283Z [36;1m    echo "The value of 'rust-src-dir' is: ${_srt_rust_src_dir}" >&2[0m
2026-06-26T10:01:04.2478660Z [36;1m    exit 1[0m
2026-06-26T10:01:04.2478904Z [36;1m  fi[0m
2026-06-26T10:01:04.2479110Z [36;1mfi[0m
2026-06-26T10:01:04.2479485Z [36;1mif [[ -z "$_srt_toolchain" && ( -f "rust-toolchain" || -f "rust-toolchain.toml") ]][0m
2026-06-26T10:01:04.2479916Z [36;1mthen[0m
2026-06-26T10:01:04.2480209Z [36;1m  # Install the toolchain as specified in the file[0m
2026-06-26T10:01:04.2480658Z [36;1m  # rustup show is the old way that implicitly installed a toolchain[0m
2026-06-26T10:01:04.2481106Z [36;1m  # rustup toolchain install is the new explicit way[0m
2026-06-26T10:01:04.2481778Z [36;1m  # https://github.com/rust-lang/rustup/issues/3635#issuecomment-2343511297[0m
2026-06-26T10:01:04.2482282Z [36;1m  rustup show active-toolchain || rustup toolchain install[0m
2026-06-26T10:01:04.2482673Z [36;1m  if [[ -n $_srt_components ]]; then[0m
2026-06-26T10:01:04.2483021Z [36;1m    rustup component add ${_srt_components//,/ }[0m
2026-06-26T10:01:04.2483339Z [36;1m  fi[0m
2026-06-26T10:01:04.2483568Z [36;1m  if [[ -n $_srt_targets ]]; then[0m
2026-06-26T10:01:04.2483889Z [36;1m    rustup target add ${_srt_targets//,/ }[0m
2026-06-26T10:01:04.2484306Z [36;1m  fi[0m
2026-06-26T10:01:04.2484506Z [36;1melse[0m
2026-06-26T10:01:04.2484726Z [36;1m  if [[ -z "$_srt_toolchain" ]][0m
2026-06-26T10:01:04.2485003Z [36;1m  then[0m
2026-06-26T10:01:04.2485235Z [36;1m    _srt_toolchain=stable[0m
2026-06-26T10:01:04.2485495Z [36;1m  fi[0m
2026-06-26T10:01:04.2486101Z [36;1m  rustup toolchain install ${_srt_toolchain//,/ }  --profile minimal --no-self-update[0m
2026-06-26T10:01:04.2486586Z [36;1m  # Take the last element from the list[0m
2026-06-26T10:01:04.2486910Z [36;1m  if [[ "$_srt_override" == "true" ]][0m
2026-06-26T10:01:04.2487298Z [36;1m  then[0m
2026-06-26T10:01:04.2487563Z [36;1m    rustup override set ${_srt_toolchain//*,/ }[0m
2026-06-26T10:01:04.2487870Z [36;1m  fi[0m
2026-06-26T10:01:04.2488087Z [36;1mfi[0m
2026-06-26T10:01:04.2517829Z shell: /usr/bin/bash --noprofile --norc -e -o pipefail {0}
2026-06-26T10:01:04.2518196Z env:
2026-06-26T10:01:04.2518406Z   CARGO_INCREMENTAL: 0
2026-06-26T10:01:04.2518667Z   CARGO_PROFILE_DEV_DEBUG: 0
2026-06-26T10:01:04.2518927Z   CARGO_TERM_COLOR: always
2026-06-26T10:01:04.2519176Z   RUST_BACKTRACE: short
2026-06-26T10:01:04.2519420Z   RUSTFLAGS: -D warnings
2026-06-26T10:01:04.2519677Z   CARGO_UNSTABLE_SPARSE_REGISTRY: true
2026-06-26T10:01:04.2519991Z   CARGO_REGISTRIES_CRATES_IO_PROTOCOL: sparse
2026-06-26T10:01:04.2520291Z   _srt_toolchain: stable
2026-06-26T10:01:04.2520533Z   _srt_targets: 
2026-06-26T10:01:04.2520767Z   _srt_components: 
2026-06-26T10:01:04.2520993Z   _srt_override: true
2026-06-26T10:01:04.2521218Z   _srt_rust_src_dir: 
2026-06-26T10:01:04.2521432Z ##[endgroup]
2026-06-26T10:01:06.6224628Z info: syncing channel updates for stable-x86_64-unknown-linux-gnu
2026-06-26T10:01:06.7464027Z 
2026-06-26T10:01:06.7553298Z   stable-x86_64-unknown-linux-gnu unchanged - rustc 1.96.0 (ac68faa20 2026-05-25)
2026-06-26T10:01:06.7630110Z info: override toolchain for /home/runner/work/specdown/specdown set to stable-x86_64-unknown-linux-gnu
2026-06-26T10:01:06.7630601Z 
2026-06-26T10:01:06.7674081Z ##[group]Run echo "rustc-version=$(rustc --version)" >> $GITHUB_OUTPUT
2026-06-26T10:01:06.7674590Z [36;1mecho "rustc-version=$(rustc --version)" >> $GITHUB_OUTPUT[0m
2026-06-26T10:01:06.7674961Z [36;1mrustc --version --verbose[0m
2026-06-26T10:01:06.7675287Z [36;1mecho "cargo-version=$(cargo --version)" >> $GITHUB_OUTPUT[0m
2026-06-26T10:01:06.7675634Z [36;1mcargo --version --verbose[0m
2026-06-26T10:01:06.7676286Z [36;1mecho "rustup-version=$(rustup --version)" >> $GITHUB_OUTPUT[0m
2026-06-26T10:01:06.7676650Z [36;1mrustup --version[0m
2026-06-26T10:01:06.7676901Z [36;1m[0m
2026-06-26T10:01:06.7677354Z [36;1m_srt_DATE=$(rustc --version --verbose | sed -ne 's/^commit-date: \(20[0-9][0-9]\)-\([01][0-9]\)-\([0-3][0-9]\)$/\1\2\3/p')[0m
2026-06-26T10:01:06.7677967Z [36;1m_srt_HASH=$(rustc --version --verbose | sed -ne 's/^commit-hash: //p')[0m
2026-06-26T10:01:06.7678483Z [36;1mecho "cachekey=$(echo $_srt_DATE$_srt_HASH | head -c12)" >> $GITHUB_OUTPUT[0m
2026-06-26T10:01:06.7711014Z shell: /usr/bin/bash --noprofile --norc -e -o pipefail {0}
2026-06-26T10:01:06.7711360Z env:
2026-06-26T10:01:06.7711567Z   CARGO_INCREMENTAL: 0
2026-06-26T10:01:06.7711805Z   CARGO_PROFILE_DEV_DEBUG: 0
2026-06-26T10:01:06.7712053Z   CARGO_TERM_COLOR: always
2026-06-26T10:01:06.7712300Z   RUST_BACKTRACE: short
2026-06-26T10:01:06.7712531Z   RUSTFLAGS: -D warnings
2026-06-26T10:01:06.7712776Z   CARGO_UNSTABLE_SPARSE_REGISTRY: true
2026-06-26T10:01:06.7713312Z   CARGO_REGISTRIES_CRATES_IO_PROTOCOL: sparse
2026-06-26T10:01:06.7713609Z ##[endgroup]
2026-06-26T10:01:06.8043116Z rustc 1.96.0 (ac68faa20 2026-05-25)
2026-06-26T10:01:06.8043568Z binary: rustc
2026-06-26T10:01:06.8043866Z commit-hash: ac68faa20c58cbccd01ee7208bf3b6e93a7d7f96
2026-06-26T10:01:06.8044247Z commit-date: 2026-05-25
2026-06-26T10:01:06.8044502Z host: x86_64-unknown-linux-gnu
2026-06-26T10:01:06.8044768Z release: 1.96.0
2026-06-26T10:01:06.8290701Z LLVM version: 22.1.2
2026-06-26T10:01:07.6136116Z cargo 1.96.0 (30a34c682 2026-05-25)
2026-06-26T10:01:07.6136563Z release: 1.96.0
2026-06-26T10:01:07.6136985Z commit-hash: 30a34c6821b57de0aaec83a901aca39f88f6778c
2026-06-26T10:01:07.6137498Z commit-date: 2026-05-25
2026-06-26T10:01:07.6137870Z host: x86_64-unknown-linux-gnu
2026-06-26T10:01:07.6138265Z libgit2: 1.9.2 (sys:0.20.4 vendored)
2026-06-26T10:01:07.6138805Z libcurl: 8.19.0-DEV (sys:0.4.87+curl-8.19.0 vendored ssl:OpenSSL/3.5.4)
2026-06-26T10:01:07.6139406Z ssl: OpenSSL 3.5.4 30 Sep 2025
2026-06-26T10:01:07.6139863Z os: Ubuntu 24.4.0 (noble) [64-bit]
2026-06-26T10:01:07.6188403Z info: This is the version for the rustup toolchain manager, not the rustc compiler.
2026-06-26T10:01:07.6289627Z info: the currently active `rustc` version is `rustc 1.96.0 (ac68faa20 2026-05-25)`
2026-06-26T10:01:07.6368324Z info: This is the version for the rustup toolchain manager, not the rustc compiler.
2026-06-26T10:01:07.6369083Z rustup 1.29.0 (28d1352db 2026-03-05)
2026-06-26T10:01:07.6473408Z info: the currently active `rustc` version is `rustc 1.96.0 (ac68faa20 2026-05-25)`
2026-06-26T10:01:07.6837344Z ##[group]Run # Not all versions support setting CARGO_REGISTRIES_CRATES_IO_PROTOCOL
2026-06-26T10:01:07.6838249Z [36;1m# Not all versions support setting CARGO_REGISTRIES_CRATES_IO_PROTOCOL[0m
2026-06-26T10:01:07.6839058Z [36;1m# On versions 1.66, 1.67, and 1.68.0-nightly the value "sparse" is still unstable.[0m
2026-06-26T10:01:07.6839920Z [36;1m# https://github.com/dtolnay/rust-toolchain/pull/69#discussion_r1107268108[0m
2026-06-26T10:01:07.6840800Z [36;1m# If we detect an incompatible value, set it to "git" which is always supported.[0m
2026-06-26T10:01:07.6842006Z [36;1mif [[ "rustc 1.96.0 (ac68faa20 2026-05-25)" =~ ^rustc\ (1\.6[67]\.|1\.68\.0-nightly) && "${CARGO_REGISTRIES_CRATES_IO_PROTOCOL}" == "sparse" ]]; then[0m
2026-06-26T10:01:07.6843031Z [36;1m  echo "Downgrade cargo registry protocol to git"[0m
2026-06-26T10:01:07.6843675Z [36;1m  echo "CARGO_REGISTRIES_CRATES_IO_PROTOCOL=git" >> $GITHUB_ENV[0m
2026-06-26T10:01:07.6844256Z [36;1mfi[0m
2026-06-26T10:01:07.6890885Z shell: /usr/bin/bash --noprofile --norc -e -o pipefail {0}
2026-06-26T10:01:07.6891417Z env:
2026-06-26T10:01:07.6891734Z   CARGO_INCREMENTAL: 0
2026-06-26T10:01:07.6892112Z   CARGO_PROFILE_DEV_DEBUG: 0
2026-06-26T10:01:07.6892513Z   CARGO_TERM_COLOR: always
2026-06-26T10:01:07.6892912Z   RUST_BACKTRACE: short
2026-06-26T10:01:07.6893278Z   RUSTFLAGS: -D warnings
2026-06-26T10:01:07.6893673Z   CARGO_UNSTABLE_SPARSE_REGISTRY: true
2026-06-26T10:01:07.6894141Z   CARGO_REGISTRIES_CRATES_IO_PROTOCOL: sparse
2026-06-26T10:01:07.6894606Z ##[endgroup]
2026-06-26T10:01:07.7059320Z ##[group]Run cargo install cargo-audit
2026-06-26T10:01:07.7059660Z [36;1mcargo install cargo-audit[0m
2026-06-26T10:01:07.7090889Z shell: /usr/bin/bash -e {0}
2026-06-26T10:01:07.7091154Z env:
2026-06-26T10:01:07.7091354Z   CARGO_INCREMENTAL: 0
2026-06-26T10:01:07.7091592Z   CARGO_PROFILE_DEV_DEBUG: 0
2026-06-26T10:01:07.7091838Z   CARGO_TERM_COLOR: always
2026-06-26T10:01:07.7092081Z   RUST_BACKTRACE: short
2026-06-26T10:01:07.7092316Z   RUSTFLAGS: -D warnings
2026-06-26T10:01:07.7092569Z   CARGO_UNSTABLE_SPARSE_REGISTRY: true
2026-06-26T10:01:07.7092873Z   CARGO_REGISTRIES_CRATES_IO_PROTOCOL: sparse
2026-06-26T10:01:07.7093162Z ##[endgroup]
2026-06-26T10:01:08.2700293Z [1m[92m    Updating[0m crates.io index
2026-06-26T10:01:08.7168261Z [1m[91merror[0m: binary `cargo-audit` already exists in destination
2026-06-26T10:01:08.7168770Z Add --force to overwrite
2026-06-26T10:01:08.7250291Z ##[error]Process completed with exit code 101.
2026-06-26T10:01:08.7344077Z Post job cleanup.
2026-06-26T10:01:08.7498656Z Post job cleanup.
2026-06-26T10:01:08.7531230Z Post job cleanup.
2026-06-26T10:01:08.7588342Z Node 20 is being deprecated. This workflow is running with Node 24 by default. If you need to temporarily use Node 20, you can set the ACTIONS_ALLOW_USE_UNSECURE_NODE_VERSION=true environment variable. For more information see: https://github.blog/changelog/2025-09-19-deprecation-of-node-20-on-github-actions-runners/
2026-06-26T10:01:08.7589701Z Post job cleanup.
2026-06-26T10:01:08.8445277Z [command]/usr/bin/git version
2026-06-26T10:01:08.8481160Z git version 2.54.0
2026-06-26T10:01:08.8516771Z Temporarily overriding HOME='/home/runner/work/_temp/c1d6c1f0-a60e-4de3-8d2d-c075a245a97c' before making global git config changes
2026-06-26T10:01:08.8518443Z Adding repository directory to the temporary git global config as a safe directory
2026-06-26T10:01:08.8522903Z [command]/usr/bin/git config --global --add safe.directory /home/runner/work/specdown/specdown
2026-06-26T10:01:08.8562096Z [command]/usr/bin/git config --local --name-only --get-regexp core\.sshCommand
2026-06-26T10:01:08.8596495Z [command]/usr/bin/git submodule foreach --recursive sh -c "git config --local --name-only --get-regexp 'core\.sshCommand' && git config --local --unset-all 'core.sshCommand' || :"
2026-06-26T10:01:08.8834739Z [command]/usr/bin/git config --local --name-only --get-regexp http\.https\:\/\/github\.com\/\.extraheader
2026-06-26T10:01:08.8862123Z http.https://github.com/.extraheader
2026-06-26T10:01:08.8873532Z [command]/usr/bin/git config --local --unset-all http.https://github.com/.extraheader
2026-06-26T10:01:08.8904952Z [command]/usr/bin/git submodule foreach --recursive sh -c "git config --local --name-only --get-regexp 'http\.https\:\/\/github\.com\/\.extraheader' && git config --local --unset-all 'http.https://github.com/.extraheader' || :"
2026-06-26T10:01:08.9135762Z [command]/usr/bin/git config --local --name-only --get-regexp ^includeIf\.gitdir:
2026-06-26T10:01:08.9168917Z [command]/usr/bin/git submodule foreach --recursive git config --local --show-origin --name-only --get-regexp remote.origin.url
2026-06-26T10:01:08.9539701Z Cleaning up orphan processes
2026-06-26T10:01:08.9818127Z ##[warning]Node.js 20 is deprecated. The following actions target Node.js 20 but are being forced to run on Node.js 24: actions/checkout@v4. For more information see: https://github.blog/changelog/2025-09-19-deprecation-of-node-20-on-github-actions-runners/
