2026-06-26T10:00:56.7157854Z Current runner version: '2.335.1'
2026-06-26T10:00:56.7193705Z ##[group]Runner Image Provisioner
2026-06-26T10:00:56.7195001Z Hosted Compute Agent
2026-06-26T10:00:56.7196106Z Version: 20260611.554
2026-06-26T10:00:56.7197137Z Commit: 5e0782fdc9014723d3be820dd114dd31555c2bd1
2026-06-26T10:00:56.7198327Z Build Date: 2026-06-11T21:40:46Z
2026-06-26T10:00:56.7199403Z Worker ID: {715911f5-1228-48f3-8da6-9b73874c8ea2}
2026-06-26T10:00:56.7200735Z Azure Region: eastus2
2026-06-26T10:00:56.7201784Z ##[endgroup]
2026-06-26T10:00:56.7203801Z ##[group]Operating System
2026-06-26T10:00:56.7204729Z Ubuntu
2026-06-26T10:00:56.7205668Z 24.04.4
2026-06-26T10:00:56.7206459Z LTS
2026-06-26T10:00:56.7207340Z ##[endgroup]
2026-06-26T10:00:56.7208221Z ##[group]Runner Image
2026-06-26T10:00:56.7209208Z Image: ubuntu-24.04
2026-06-26T10:00:56.7210068Z Version: 20260622.220.1
2026-06-26T10:00:56.7212228Z Included Software: https://github.com/actions/runner-images/blob/ubuntu24/20260622.220/images/ubuntu/Ubuntu2404-Readme.md
2026-06-26T10:00:56.7214752Z Image Release: https://github.com/actions/runner-images/releases/tag/ubuntu24%2F20260622.220
2026-06-26T10:00:56.7216535Z ##[endgroup]
2026-06-26T10:00:56.7221308Z ##[group]GITHUB_TOKEN Permissions
2026-06-26T10:00:56.7224658Z Actions: read
2026-06-26T10:00:56.7225613Z ArtifactMetadata: read
2026-06-26T10:00:56.7226512Z Attestations: read
2026-06-26T10:00:56.7227441Z Checks: read
2026-06-26T10:00:56.7228251Z CodeQuality: read
2026-06-26T10:00:56.7229213Z Contents: read
2026-06-26T10:00:56.7230136Z Deployments: read
2026-06-26T10:00:56.7231137Z Discussions: read
2026-06-26T10:00:56.7232145Z Issues: read
2026-06-26T10:00:56.7232937Z Metadata: read
2026-06-26T10:00:56.7233830Z Models: read
2026-06-26T10:00:56.7234683Z Packages: read
2026-06-26T10:00:56.7235700Z Pages: read
2026-06-26T10:00:56.7236548Z PullRequests: read
2026-06-26T10:00:56.7237421Z RepositoryProjects: read
2026-06-26T10:00:56.7238419Z SecurityEvents: read
2026-06-26T10:00:56.7239346Z Statuses: read
2026-06-26T10:00:56.7240251Z VulnerabilityAlerts: read
2026-06-26T10:00:56.7241506Z ##[endgroup]
2026-06-26T10:00:56.7244932Z Secret source: None
2026-06-26T10:00:56.7246056Z Prepare workflow directory
2026-06-26T10:00:56.8009194Z Prepare all required actions
2026-06-26T10:00:56.8101879Z Getting action download info
2026-06-26T10:00:56.9939095Z Download action repository 'tomphp/github-actions@v0.8.1' (SHA:3bc712dfe6daa7e0a6b9a8a163b6525dce2f603e)
2026-06-26T10:00:57.3868333Z Download action repository 'gaurav-nelson/github-action-markdown-link-check@1.0.17' (SHA:3c3b66f1f7d0900e37b71eca45b63ea9eedfce31)
2026-06-26T10:00:57.5710938Z Getting action download info
2026-06-26T10:00:57.6651044Z Download action repository 'actions/checkout@v4' (SHA:34e114876b0b11c390a56381ad16ebd13914f8d5)
2026-06-26T10:00:57.7048229Z Download action repository 'tomphp/github-actions@v0.7.0' (SHA:0ff4ad96e5382526d2e25f6e7589248f9960a5c8)
2026-06-26T10:00:57.7915025Z Download action repository 'actions-rust-lang/setup-rust-toolchain@v1' (SHA:166cdcfd11aee3cb47222f9ddb555ce30ddb9659)
2026-06-26T10:00:57.9271026Z Getting action download info
2026-06-26T10:00:58.0078278Z Download action repository 'actions/cache@v5' (SHA:27d5ce7f107fe9357f9df03efb73ab90386fccae)
2026-06-26T10:00:58.1586056Z Getting action download info
2026-06-26T10:00:58.2510065Z Download action repository 'Swatinem/rust-cache@c19371144df3bb44fab255c43d04cbc2ab54d1c4' (SHA:c19371144df3bb44fab255c43d04cbc2ab54d1c4)
2026-06-26T10:00:58.6214294Z Uses: specdown/specdown/.github/workflows/run-tests.yml@refs/pull/583/merge (71471aba295ad0b1b05aa0541c268eb8bfcb8511)
2026-06-26T10:00:58.6219949Z Complete job name: run-tests / lint (ubuntu-latest)
2026-06-26T10:00:58.6719074Z ##[group]Build container for action use: '/home/runner/work/_actions/gaurav-nelson/github-action-markdown-link-check/1.0.17/Dockerfile'.
2026-06-26T10:00:58.6965145Z ##[command]/usr/bin/docker build -t 5c6168:5f8fece8249c43c6825ed14155817e1d -f "/home/runner/work/_actions/gaurav-nelson/github-action-markdown-link-check/1.0.17/Dockerfile" "/home/runner/work/_actions/gaurav-nelson/github-action-markdown-link-check/1.0.17"
2026-06-26T10:00:59.2785671Z #0 building with "default" instance using docker driver
2026-06-26T10:00:59.2786541Z 
2026-06-26T10:00:59.2786917Z #1 [internal] load build definition from Dockerfile
2026-06-26T10:00:59.2787465Z #1 transferring dockerfile: 211B done
2026-06-26T10:00:59.2787897Z #1 DONE 0.0s
2026-06-26T10:00:59.2788106Z 
2026-06-26T10:00:59.2788384Z #2 [auth] library/node:pull token for registry-1.docker.io
2026-06-26T10:00:59.2788930Z #2 DONE 0.0s
2026-06-26T10:00:59.2789134Z 
2026-06-26T10:00:59.2789539Z #3 [internal] load metadata for docker.io/library/node:21.7.3-alpine3.18
2026-06-26T10:00:59.4712772Z #3 DONE 0.4s
2026-06-26T10:00:59.5865205Z 
2026-06-26T10:00:59.5866562Z #4 [internal] load .dockerignore
2026-06-26T10:00:59.5868216Z #4 transferring context: 2B done
2026-06-26T10:00:59.5869403Z #4 DONE 0.0s
2026-06-26T10:00:59.5871213Z 
2026-06-26T10:00:59.5871678Z #5 [internal] load build context
2026-06-26T10:00:59.5872415Z #5 transferring context: 5.36kB done
2026-06-26T10:00:59.5872997Z #5 DONE 0.0s
2026-06-26T10:00:59.5873591Z 
2026-06-26T10:00:59.5874633Z #6 [1/4] FROM docker.io/library/node:21.7.3-alpine3.18@sha256:7d4f2d7c22e5a9e08aad96880b5862eae2a38b4283443b74a991a01d59ca072b
2026-06-26T10:00:59.5875756Z #6 resolve docker.io/library/node:21.7.3-alpine3.18@sha256:7d4f2d7c22e5a9e08aad96880b5862eae2a38b4283443b74a991a01d59ca072b done
2026-06-26T10:00:59.5876966Z #6 sha256:3ba0edcf4b2a42d8e2a081dc086667b70777e77d32ed008f98616176d3d8da71 1.16kB / 1.16kB done
2026-06-26T10:00:59.5878273Z #6 sha256:8fe1c837721149c12c08d1a0c5336699fec5e03c7f5ac30d01221435986d8e7a 7.21kB / 7.21kB done
2026-06-26T10:00:59.5879768Z #6 sha256:619be1103602d98e1963557998c954c892b3872986c27365e9f651f5bc27cab8 0B / 3.40MB 0.1s
2026-06-26T10:00:59.5881467Z #6 sha256:b776cee4716a7a92281d447d5485d5113e1d2a9c32570746a999e4cad1a1fd4c 3.15MB / 43.81MB 0.1s
2026-06-26T10:00:59.5882811Z #6 sha256:284148315f57ab2a6f2d4c095d7f6f0360856ea5adf6ca1e12ce191e67dd0509 1.38MB / 1.38MB 0.1s
2026-06-26T10:00:59.5883911Z #6 sha256:7d4f2d7c22e5a9e08aad96880b5862eae2a38b4283443b74a991a01d59ca072b 1.43kB / 1.43kB done
2026-06-26T10:00:59.6928788Z #6 sha256:619be1103602d98e1963557998c954c892b3872986c27365e9f651f5bc27cab8 3.40MB / 3.40MB 0.1s done
2026-06-26T10:00:59.6930658Z #6 sha256:b776cee4716a7a92281d447d5485d5113e1d2a9c32570746a999e4cad1a1fd4c 43.81MB / 43.81MB 0.2s done
2026-06-26T10:00:59.6932309Z #6 sha256:284148315f57ab2a6f2d4c095d7f6f0360856ea5adf6ca1e12ce191e67dd0509 1.38MB / 1.38MB 0.1s done
2026-06-26T10:00:59.6933863Z #6 extracting sha256:619be1103602d98e1963557998c954c892b3872986c27365e9f651f5bc27cab8 0.1s done
2026-06-26T10:00:59.6935405Z #6 sha256:89024ad4eb39e724db42f30952e0f7e56ca37689e25052735e3dd8d1bf501075 455B / 455B 0.1s done
2026-06-26T10:00:59.8528781Z #6 extracting sha256:b776cee4716a7a92281d447d5485d5113e1d2a9c32570746a999e4cad1a1fd4c 0.1s
2026-06-26T10:01:01.0717863Z #6 extracting sha256:b776cee4716a7a92281d447d5485d5113e1d2a9c32570746a999e4cad1a1fd4c 1.2s done
2026-06-26T10:01:01.7706408Z #6 extracting sha256:284148315f57ab2a6f2d4c095d7f6f0360856ea5adf6ca1e12ce191e67dd0509
2026-06-26T10:01:01.9901795Z #6 extracting sha256:284148315f57ab2a6f2d4c095d7f6f0360856ea5adf6ca1e12ce191e67dd0509 0.0s done
2026-06-26T10:01:01.9902964Z #6 extracting sha256:89024ad4eb39e724db42f30952e0f7e56ca37689e25052735e3dd8d1bf501075 done
2026-06-26T10:01:01.9903657Z #6 DONE 2.4s
2026-06-26T10:01:01.9903833Z 
2026-06-26T10:01:01.9904200Z #7 [2/4] RUN apk add --no-cache bash>5.0.16-r0 git>2.26.0-r0
2026-06-26T10:01:02.6886682Z #7 DONE 0.9s
2026-06-26T10:01:02.8392481Z 
2026-06-26T10:01:02.8394485Z #8 [3/4] COPY entrypoint.sh /entrypoint.sh
2026-06-26T10:01:02.8395043Z #8 DONE 0.0s
2026-06-26T10:01:02.8395225Z 
2026-06-26T10:01:02.8395386Z #9 [4/4] RUN chmod +x /entrypoint.sh
2026-06-26T10:01:02.8395778Z #9 DONE 0.1s
2026-06-26T10:01:02.9921926Z 
2026-06-26T10:01:02.9922511Z #10 exporting to image
2026-06-26T10:01:02.9922939Z #10 exporting layers
2026-06-26T10:01:03.1473867Z #10 exporting layers 0.3s done
2026-06-26T10:01:03.1664941Z #10 writing image sha256:8adaa9853e907a933db41d4f1ef90fb380f67d24cd4824641d569c1ea36be50e done
2026-06-26T10:01:03.1665950Z #10 naming to docker.io/library/5c6168:5f8fece8249c43c6825ed14155817e1d done
2026-06-26T10:01:03.1666561Z #10 DONE 0.3s
2026-06-26T10:01:03.1744082Z ##[endgroup]
2026-06-26T10:01:03.1998727Z ##[group]Run tomphp/github-actions/checkout-rust-project@v0.8.1
2026-06-26T10:01:03.1999353Z with:
2026-06-26T10:01:03.1999594Z   rust-components: rustfmt, clippy
2026-06-26T10:01:03.1999869Z   rust-profile: minimal
2026-06-26T10:01:03.2000104Z   rust-toolchain: stable
2026-06-26T10:01:03.2000328Z   rust-default: true
2026-06-26T10:01:03.2000886Z ##[endgroup]
2026-06-26T10:01:03.2175404Z Node 20 is being deprecated. This workflow is running with Node 24 by default. If you need to temporarily use Node 20, you can set the ACTIONS_ALLOW_USE_UNSECURE_NODE_VERSION=true environment variable. For more information see: https://github.blog/changelog/2025-09-19-deprecation-of-node-20-on-github-actions-runners/
2026-06-26T10:01:03.2177657Z ##[group]Run actions/checkout@v4
2026-06-26T10:01:03.2177925Z with:
2026-06-26T10:01:03.2178144Z   repository: specdown/specdown
2026-06-26T10:01:03.2181760Z   token: ***
2026-06-26T10:01:03.2182036Z   ssh-strict: true
2026-06-26T10:01:03.2182307Z   ssh-user: git
2026-06-26T10:01:03.2182537Z   persist-credentials: true
2026-06-26T10:01:03.2182783Z   clean: true
2026-06-26T10:01:03.2183006Z   sparse-checkout-cone-mode: true
2026-06-26T10:01:03.2183282Z   fetch-depth: 1
2026-06-26T10:01:03.2183494Z   fetch-tags: false
2026-06-26T10:01:03.2183713Z   show-progress: true
2026-06-26T10:01:03.2183932Z   lfs: false
2026-06-26T10:01:03.2184130Z   submodules: false
2026-06-26T10:01:03.2184347Z   set-safe-directory: true
2026-06-26T10:01:03.2184585Z ##[endgroup]
2026-06-26T10:01:03.3180833Z Syncing repository: specdown/specdown
2026-06-26T10:01:03.3182433Z ##[group]Getting Git version info
2026-06-26T10:01:03.3183060Z Working directory is '/home/runner/work/specdown/specdown'
2026-06-26T10:01:03.3183923Z [command]/usr/bin/git version
2026-06-26T10:01:03.3184305Z git version 2.54.0
2026-06-26T10:01:03.3185738Z ##[endgroup]
2026-06-26T10:01:03.3198932Z Temporarily overriding HOME='/home/runner/work/_temp/382b5626-44e5-4ba1-b3a1-758734ffc8f5' before making global git config changes
2026-06-26T10:01:03.3200155Z Adding repository directory to the temporary git global config as a safe directory
2026-06-26T10:01:03.3205081Z [command]/usr/bin/git config --global --add safe.directory /home/runner/work/specdown/specdown
2026-06-26T10:01:03.3253024Z Deleting the contents of '/home/runner/work/specdown/specdown'
2026-06-26T10:01:03.3255286Z ##[group]Initializing the repository
2026-06-26T10:01:03.3259761Z [command]/usr/bin/git init /home/runner/work/specdown/specdown
2026-06-26T10:01:03.3344962Z hint: Using 'master' as the name for the initial branch. This default branch name
2026-06-26T10:01:03.3345843Z hint: will change to "main" in Git 3.0. To configure the initial branch name
2026-06-26T10:01:03.3346625Z hint: to use in all of your new repositories, which will suppress this warning,
2026-06-26T10:01:03.3347036Z hint: call:
2026-06-26T10:01:03.3347235Z hint:
2026-06-26T10:01:03.3347505Z hint: 	git config --global init.defaultBranch <name>
2026-06-26T10:01:03.3347831Z hint:
2026-06-26T10:01:03.3348147Z hint: Names commonly chosen instead of 'master' are 'main', 'trunk' and
2026-06-26T10:01:03.3348844Z hint: 'development'. The just-created branch can be renamed via this command:
2026-06-26T10:01:03.3349447Z hint:
2026-06-26T10:01:03.3349794Z hint: 	git branch -m <name>
2026-06-26T10:01:03.3350107Z hint:
2026-06-26T10:01:03.3350602Z hint: Disable this message with "git config set advice.defaultBranchName false"
2026-06-26T10:01:03.3351171Z Initialized empty Git repository in /home/runner/work/specdown/specdown/.git/
2026-06-26T10:01:03.3360021Z [command]/usr/bin/git remote add origin https://github.com/specdown/specdown
2026-06-26T10:01:03.3438579Z ##[endgroup]
2026-06-26T10:01:03.3439126Z ##[group]Disabling automatic garbage collection
2026-06-26T10:01:03.3442654Z [command]/usr/bin/git config --local gc.auto 0
2026-06-26T10:01:03.3472651Z ##[endgroup]
2026-06-26T10:01:03.3473273Z ##[group]Setting up auth
2026-06-26T10:01:03.3480298Z [command]/usr/bin/git config --local --name-only --get-regexp core\.sshCommand
2026-06-26T10:01:03.3514184Z [command]/usr/bin/git submodule foreach --recursive sh -c "git config --local --name-only --get-regexp 'core\.sshCommand' && git config --local --unset-all 'core.sshCommand' || :"
2026-06-26T10:01:03.3857623Z [command]/usr/bin/git config --local --name-only --get-regexp http\.https\:\/\/github\.com\/\.extraheader
2026-06-26T10:01:03.3891662Z [command]/usr/bin/git submodule foreach --recursive sh -c "git config --local --name-only --get-regexp 'http\.https\:\/\/github\.com\/\.extraheader' && git config --local --unset-all 'http.https://github.com/.extraheader' || :"
2026-06-26T10:01:03.4124072Z [command]/usr/bin/git config --local --name-only --get-regexp ^includeIf\.gitdir:
2026-06-26T10:01:03.4156430Z [command]/usr/bin/git submodule foreach --recursive git config --local --show-origin --name-only --get-regexp remote.origin.url
2026-06-26T10:01:03.4410236Z [command]/usr/bin/git config --local http.https://github.com/.extraheader AUTHORIZATION: basic ***
2026-06-26T10:01:03.4447740Z ##[endgroup]
2026-06-26T10:01:03.4448376Z ##[group]Fetching the repository
2026-06-26T10:01:03.4457107Z [command]/usr/bin/git -c protocol.version=2 fetch --no-tags --prune --no-recurse-submodules --depth=1 origin +71471aba295ad0b1b05aa0541c268eb8bfcb8511:refs/remotes/pull/583/merge
2026-06-26T10:01:03.6977342Z From https://github.com/specdown/specdown
2026-06-26T10:01:03.6979090Z  * [new ref]         71471aba295ad0b1b05aa0541c268eb8bfcb8511 -> pull/583/merge
2026-06-26T10:01:03.7049776Z ##[endgroup]
2026-06-26T10:01:03.7051300Z ##[group]Determining the checkout info
2026-06-26T10:01:03.7056939Z ##[endgroup]
2026-06-26T10:01:03.7070286Z [command]/usr/bin/git sparse-checkout disable
2026-06-26T10:01:03.7143909Z [command]/usr/bin/git config --local --unset-all extensions.worktreeConfig
2026-06-26T10:01:03.7182689Z ##[group]Checking out the ref
2026-06-26T10:01:03.7213634Z [command]/usr/bin/git checkout --progress --force refs/remotes/pull/583/merge
2026-06-26T10:01:03.7352124Z Note: switching to 'refs/remotes/pull/583/merge'.
2026-06-26T10:01:03.7352786Z 
2026-06-26T10:01:03.7353307Z You are in 'detached HEAD' state. You can look around, make experimental
2026-06-26T10:01:03.7354423Z changes and commit them, and you can discard any commits you make in this
2026-06-26T10:01:03.7355549Z state without impacting any branches by switching back to a branch.
2026-06-26T10:01:03.7356172Z 
2026-06-26T10:01:03.7356700Z If you want to create a new branch to retain commits you create, you may
2026-06-26T10:01:03.7357400Z do so (now or later) by using -c with the switch command. Example:
2026-06-26T10:01:03.7357812Z 
2026-06-26T10:01:03.7358477Z   git switch -c <new-branch-name>
2026-06-26T10:01:03.7359048Z 
2026-06-26T10:01:03.7359316Z Or undo this operation with:
2026-06-26T10:01:03.7359636Z 
2026-06-26T10:01:03.7360055Z   git switch -
2026-06-26T10:01:03.7361032Z 
2026-06-26T10:01:03.7361460Z Turn off this advice by setting config variable advice.detachedHead to false
2026-06-26T10:01:03.7362206Z 
2026-06-26T10:01:03.7362823Z HEAD is now at 71471ab Merge 29a521828990200c2e432ffdfea8c2f484cb1adc into ed29e94538cbb7ac8c2eaab6fe6f9d597a5b618f
2026-06-26T10:01:03.7365242Z ##[endgroup]
2026-06-26T10:01:03.7437356Z [command]/usr/bin/git log -1 --format=%H
2026-06-26T10:01:03.7475964Z 71471aba295ad0b1b05aa0541c268eb8bfcb8511
2026-06-26T10:01:03.7793695Z ##[group]Run tomphp/github-actions/cache-cargo-dependencies@v0.7.0
2026-06-26T10:01:03.7794097Z ##[endgroup]
2026-06-26T10:01:03.8552509Z ##[group]Run actions/cache@v5
2026-06-26T10:01:03.8552799Z with:
2026-06-26T10:01:03.8553182Z   key: Linux-cargo-5bfb02d0c4a8cdb500f8df3b543f7be27be4199b3517f111bfb351f95eaca541
2026-06-26T10:01:03.8554004Z   path: .cache
~/.cargo/registry
~/.cargo/git
~/.cargo/bin
target

2026-06-26T10:01:03.8554381Z   enableCrossOsArchive: false
2026-06-26T10:01:03.8554641Z   fail-on-cache-miss: false
2026-06-26T10:01:03.8554892Z   lookup-only: false
2026-06-26T10:01:03.8555113Z   save-always: false
2026-06-26T10:01:03.8555335Z ##[endgroup]
2026-06-26T10:01:04.0982433Z Cache hit for: Linux-cargo-5bfb02d0c4a8cdb500f8df3b543f7be27be4199b3517f111bfb351f95eaca541
2026-06-26T10:01:04.6361535Z Received 87032161 of 87032161 (100.0%), 174.0 MBs/sec
2026-06-26T10:01:04.6362427Z Cache Size: ~83 MB (87032161 B)
2026-06-26T10:01:04.6390579Z [command]/usr/bin/tar -xf /home/runner/work/_temp/27341ec3-ec60-4e4b-ab4d-c6ea7cb612ca/cache.tzst -P -C /home/runner/work/specdown/specdown --use-compress-program unzstd
2026-06-26T10:01:05.5592734Z Cache restored successfully
2026-06-26T10:01:05.5713522Z Cache restored from key: Linux-cargo-5bfb02d0c4a8cdb500f8df3b543f7be27be4199b3517f111bfb351f95eaca541
2026-06-26T10:01:05.6027836Z ##[group]Run actions-rust-lang/setup-rust-toolchain@v1
2026-06-26T10:01:05.6028170Z with:
2026-06-26T10:01:05.6028382Z   toolchain: stable
2026-06-26T10:01:05.6028611Z   components: rustfmt, clippy
2026-06-26T10:01:05.6028869Z   cache: false
2026-06-26T10:01:05.6029089Z   cache-on-failure: true
2026-06-26T10:01:05.6029325Z   cache-bin: true
2026-06-26T10:01:05.6029568Z   cache-provider: github
2026-06-26T10:01:05.6029807Z   cache-all-crates: false
2026-06-26T10:01:05.6030064Z   cache-workspace-crates: false
2026-06-26T10:01:05.6030336Z   cache-save-if: true
2026-06-26T10:01:05.6030698Z   cache-targets: true
2026-06-26T10:01:05.6030922Z   matcher: true
2026-06-26T10:01:05.6031171Z   rustflags: -D warnings
2026-06-26T10:01:05.6031410Z   override: true
2026-06-26T10:01:05.6031624Z ##[endgroup]
2026-06-26T10:01:05.6097425Z ##[group]Run : construct rustup command line
2026-06-26T10:01:05.6097812Z [36;1m: construct rustup command line[0m
2026-06-26T10:01:05.6098332Z [36;1mecho "targets=$(for t in ${_srt_targets//,/ }; do echo -n ' --target' $t; done)" >> $GITHUB_OUTPUT[0m
2026-06-26T10:01:05.6099040Z [36;1mecho "components=$(for c in ${_srt_components//,/ }; do echo -n ' --component' $c; done)" >> $GITHUB_OUTPUT[0m
2026-06-26T10:01:05.6099539Z [36;1mecho "downgrade=" >> $GITHUB_OUTPUT[0m
2026-06-26T10:01:05.6139852Z shell: /usr/bin/bash --noprofile --norc -e -o pipefail {0}
2026-06-26T10:01:05.6140214Z env:
2026-06-26T10:01:05.6140700Z   _srt_targets: 
2026-06-26T10:01:05.6140986Z   _srt_components: rustfmt, clippy
2026-06-26T10:01:05.6141258Z ##[endgroup]
2026-06-26T10:01:05.6269601Z ##[group]Run if [[ ! -v CARGO_INCREMENTAL ]]; then
2026-06-26T10:01:05.6270008Z [36;1mif [[ ! -v CARGO_INCREMENTAL ]]; then[0m
2026-06-26T10:01:05.6270346Z [36;1m  echo "CARGO_INCREMENTAL=0" >> $GITHUB_ENV[0m
2026-06-26T10:01:05.6270925Z [36;1mfi[0m
2026-06-26T10:01:05.6271180Z [36;1mif [[ ! -v CARGO_PROFILE_DEV_DEBUG ]]; then[0m
2026-06-26T10:01:05.6271541Z [36;1m  echo "CARGO_PROFILE_DEV_DEBUG=0" >> $GITHUB_ENV[0m
2026-06-26T10:01:05.6271869Z [36;1mfi[0m
2026-06-26T10:01:05.6272101Z [36;1mif [[ ! -v CARGO_TERM_COLOR ]]; then[0m
2026-06-26T10:01:05.6272448Z [36;1m  echo "CARGO_TERM_COLOR=always" >> $GITHUB_ENV[0m
2026-06-26T10:01:05.6272752Z [36;1mfi[0m
2026-06-26T10:01:05.6272976Z [36;1mif [[ ! -v RUST_BACKTRACE ]]; then[0m
2026-06-26T10:01:05.6273317Z [36;1m  echo "RUST_BACKTRACE=short" >> $GITHUB_ENV[0m
2026-06-26T10:01:05.6273628Z [36;1mfi[0m
2026-06-26T10:01:05.6273903Z [36;1mif [[ ( ! -v RUSTFLAGS ) && $_srt_NEW_RUSTFLAGS != "" ]]; then[0m
2026-06-26T10:01:05.6274320Z [36;1m  echo "RUSTFLAGS=$_srt_NEW_RUSTFLAGS" >> $GITHUB_ENV[0m
2026-06-26T10:01:05.6274646Z [36;1mfi[0m
2026-06-26T10:01:05.6274886Z [36;1m# Enable faster sparse index on nightly[0m
2026-06-26T10:01:05.6275267Z [36;1m# The value is ignored on stable and causes no problems[0m
2026-06-26T10:01:05.6275800Z [36;1m# https://internals.rust-lang.org/t/call-for-testing-cargo-sparse-registry/16862[0m
2026-06-26T10:01:05.6276543Z [36;1mif [[ ! -v CARGO_UNSTABLE_SPARSE_REGISTRY ]]; then[0m
2026-06-26T10:01:05.6276954Z [36;1m  echo "CARGO_UNSTABLE_SPARSE_REGISTRY=true" >> $GITHUB_ENV[0m
2026-06-26T10:01:05.6277305Z [36;1mfi[0m
2026-06-26T10:01:05.6277582Z [36;1mif [[ ! -v CARGO_REGISTRIES_CRATES_IO_PROTOCOL ]]; then[0m
2026-06-26T10:01:05.6278154Z [36;1m  echo "CARGO_REGISTRIES_CRATES_IO_PROTOCOL=sparse" >> $GITHUB_ENV[0m
2026-06-26T10:01:05.6278533Z [36;1mfi[0m
2026-06-26T10:01:05.6310236Z shell: /usr/bin/bash --noprofile --norc -e -o pipefail {0}
2026-06-26T10:01:05.6310777Z env:
2026-06-26T10:01:05.6311004Z   _srt_NEW_RUSTFLAGS: -D warnings
2026-06-26T10:01:05.6311271Z ##[endgroup]
2026-06-26T10:01:05.6392309Z ##[group]Run echo "::add-matcher::/home/runner/work/_actions/actions-rust-lang/setup-rust-toolchain/v1/rust.json"
2026-06-26T10:01:05.6393093Z [36;1mecho "::add-matcher::/home/runner/work/_actions/actions-rust-lang/setup-rust-toolchain/v1/rust.json"[0m
2026-06-26T10:01:05.6424299Z shell: /usr/bin/bash --noprofile --norc -e -o pipefail {0}
2026-06-26T10:01:05.6424654Z env:
2026-06-26T10:01:05.6424858Z   CARGO_INCREMENTAL: 0
2026-06-26T10:01:05.6425094Z   CARGO_PROFILE_DEV_DEBUG: 0
2026-06-26T10:01:05.6425350Z   CARGO_TERM_COLOR: always
2026-06-26T10:01:05.6425594Z   RUST_BACKTRACE: short
2026-06-26T10:01:05.6425863Z   RUSTFLAGS: -D warnings
2026-06-26T10:01:05.6426176Z   CARGO_UNSTABLE_SPARSE_REGISTRY: true
2026-06-26T10:01:05.6426494Z   CARGO_REGISTRIES_CRATES_IO_PROTOCOL: sparse
2026-06-26T10:01:05.6426783Z ##[endgroup]
2026-06-26T10:01:05.6521680Z ##[group]Run if ! command -v rustup &> /dev/null ; then
2026-06-26T10:01:05.6522106Z [36;1mif ! command -v rustup &> /dev/null ; then[0m
2026-06-26T10:01:05.6522812Z [36;1m  curl --proto '=https' --tlsv1.2 --retry 10 --retry-connrefused -fsSL "https://sh.rustup.rs" | sh -s -- --default-toolchain none -y[0m
2026-06-26T10:01:05.6523410Z [36;1m[0m
2026-06-26T10:01:05.6523704Z [36;1m  # Resolve the correct CARGO_HOME path depending on OS[0m
2026-06-26T10:01:05.6524095Z [36;1m  if [[ "$RUNNER_OS" == "Windows" ]]; then[0m
2026-06-26T10:01:05.6524530Z [36;1m    echo "${CARGO_HOME:-$USERPROFILE/.cargo}/bin" | sed 's|/|\\|g' >> $GITHUB_PATH[0m
2026-06-26T10:01:05.6524937Z [36;1m  else[0m
2026-06-26T10:01:05.6525230Z [36;1m    echo "${CARGO_HOME:-$HOME/.cargo}/bin" >> $GITHUB_PATH[0m
2026-06-26T10:01:05.6525579Z [36;1m  fi[0m
2026-06-26T10:01:05.6525791Z [36;1mfi[0m
2026-06-26T10:01:05.6558181Z shell: /usr/bin/bash --noprofile --norc -e -o pipefail {0}
2026-06-26T10:01:05.6558525Z env:
2026-06-26T10:01:05.6558745Z   CARGO_INCREMENTAL: 0
2026-06-26T10:01:05.6558988Z   CARGO_PROFILE_DEV_DEBUG: 0
2026-06-26T10:01:05.6559242Z   CARGO_TERM_COLOR: always
2026-06-26T10:01:05.6559482Z   RUST_BACKTRACE: short
2026-06-26T10:01:05.6559736Z   RUSTFLAGS: -D warnings
2026-06-26T10:01:05.6559984Z   CARGO_UNSTABLE_SPARSE_REGISTRY: true
2026-06-26T10:01:05.6560290Z   CARGO_REGISTRIES_CRATES_IO_PROTOCOL: sparse
2026-06-26T10:01:05.6560762Z   RUNNER_OS: Linux
2026-06-26T10:01:05.6560988Z ##[endgroup]
2026-06-26T10:01:05.6641350Z ##[group]Run # Check if value is set
2026-06-26T10:01:05.6641686Z [36;1m# Check if value is set[0m
2026-06-26T10:01:05.6641973Z [36;1mif [[ -n "$_srt_rust_src_dir" ]][0m
2026-06-26T10:01:05.6642257Z [36;1mthen[0m
2026-06-26T10:01:05.6642516Z [36;1m  # If value is set the directory must exist[0m
2026-06-26T10:01:05.6642863Z [36;1m  if [[ -d "$_srt_rust_src_dir" ]][0m
2026-06-26T10:01:05.6643142Z [36;1m  then[0m
2026-06-26T10:01:05.6643363Z [36;1m    cd "$_srt_rust_src_dir"[0m
2026-06-26T10:01:05.6643620Z [36;1m  else[0m
2026-06-26T10:01:05.6643949Z [36;1m    echo "'rust-src-dir' does not point to an existing directory" >&2[0m
2026-06-26T10:01:05.6644429Z [36;1m    echo "The value of 'rust-src-dir' is: ${_srt_rust_src_dir}" >&2[0m
2026-06-26T10:01:05.6644792Z [36;1m    exit 1[0m
2026-06-26T10:01:05.6645016Z [36;1m  fi[0m
2026-06-26T10:01:05.6645222Z [36;1mfi[0m
2026-06-26T10:01:05.6645585Z [36;1mif [[ -z "$_srt_toolchain" && ( -f "rust-toolchain" || -f "rust-toolchain.toml") ]][0m
2026-06-26T10:01:05.6646165Z [36;1mthen[0m
2026-06-26T10:01:05.6646444Z [36;1m  # Install the toolchain as specified in the file[0m
2026-06-26T10:01:05.6646881Z [36;1m  # rustup show is the old way that implicitly installed a toolchain[0m
2026-06-26T10:01:05.6647445Z [36;1m  # rustup toolchain install is the new explicit way[0m
2026-06-26T10:01:05.6647946Z [36;1m  # https://github.com/rust-lang/rustup/issues/3635#issuecomment-2343511297[0m
2026-06-26T10:01:05.6648478Z [36;1m  rustup show active-toolchain || rustup toolchain install[0m
2026-06-26T10:01:05.6648874Z [36;1m  if [[ -n $_srt_components ]]; then[0m
2026-06-26T10:01:05.6649221Z [36;1m    rustup component add ${_srt_components//,/ }[0m
2026-06-26T10:01:05.6649547Z [36;1m  fi[0m
2026-06-26T10:01:05.6649776Z [36;1m  if [[ -n $_srt_targets ]]; then[0m
2026-06-26T10:01:05.6650091Z [36;1m    rustup target add ${_srt_targets//,/ }[0m
2026-06-26T10:01:05.6650534Z [36;1m  fi[0m
2026-06-26T10:01:05.6650770Z [36;1melse[0m
2026-06-26T10:01:05.6651006Z [36;1m  if [[ -z "$_srt_toolchain" ]][0m
2026-06-26T10:01:05.6651281Z [36;1m  then[0m
2026-06-26T10:01:05.6651508Z [36;1m    _srt_toolchain=stable[0m
2026-06-26T10:01:05.6651771Z [36;1m  fi[0m
2026-06-26T10:01:05.6652326Z [36;1m  rustup toolchain install ${_srt_toolchain//,/ }  --component rustfmt --component clippy --profile minimal --no-self-update[0m
2026-06-26T10:01:05.6652915Z [36;1m  # Take the last element from the list[0m
2026-06-26T10:01:05.6653240Z [36;1m  if [[ "$_srt_override" == "true" ]][0m
2026-06-26T10:01:05.6653526Z [36;1m  then[0m
2026-06-26T10:01:05.6653783Z [36;1m    rustup override set ${_srt_toolchain//*,/ }[0m
2026-06-26T10:01:05.6654097Z [36;1m  fi[0m
2026-06-26T10:01:05.6654291Z [36;1mfi[0m
2026-06-26T10:01:05.6686259Z shell: /usr/bin/bash --noprofile --norc -e -o pipefail {0}
2026-06-26T10:01:05.6686600Z env:
2026-06-26T10:01:05.6686805Z   CARGO_INCREMENTAL: 0
2026-06-26T10:01:05.6687055Z   CARGO_PROFILE_DEV_DEBUG: 0
2026-06-26T10:01:05.6687320Z   CARGO_TERM_COLOR: always
2026-06-26T10:01:05.6687559Z   RUST_BACKTRACE: short
2026-06-26T10:01:05.6687792Z   RUSTFLAGS: -D warnings
2026-06-26T10:01:05.6688044Z   CARGO_UNSTABLE_SPARSE_REGISTRY: true
2026-06-26T10:01:05.6688360Z   CARGO_REGISTRIES_CRATES_IO_PROTOCOL: sparse
2026-06-26T10:01:05.6688666Z   _srt_toolchain: stable
2026-06-26T10:01:05.6688894Z   _srt_targets: 
2026-06-26T10:01:05.6689116Z   _srt_components: rustfmt, clippy
2026-06-26T10:01:05.6689375Z   _srt_override: true
2026-06-26T10:01:05.6689603Z   _srt_rust_src_dir: 
2026-06-26T10:01:05.6689814Z ##[endgroup]
2026-06-26T10:01:05.8378706Z info: syncing channel updates for stable-x86_64-unknown-linux-gnu
2026-06-26T10:01:06.0549610Z info: latest update on 2026-05-28 for version 1.96.0 (ac68faa20 2026-05-25)
2026-06-26T10:01:06.0725180Z info: component clippy is up to date
2026-06-26T10:01:06.0725785Z info: component rustfmt is up to date
2026-06-26T10:01:06.0736595Z 
2026-06-26T10:01:06.0833309Z   stable-x86_64-unknown-linux-gnu unchanged - rustc 1.96.0 (ac68faa20 2026-05-25)
2026-06-26T10:01:06.0833713Z 
2026-06-26T10:01:06.0923930Z info: override toolchain for /home/runner/work/specdown/specdown set to stable-x86_64-unknown-linux-gnu
2026-06-26T10:01:06.0998063Z ##[group]Run echo "rustc-version=$(rustc --version)" >> $GITHUB_OUTPUT
2026-06-26T10:01:06.0998603Z [36;1mecho "rustc-version=$(rustc --version)" >> $GITHUB_OUTPUT[0m
2026-06-26T10:01:06.0998982Z [36;1mrustc --version --verbose[0m
2026-06-26T10:01:06.0999315Z [36;1mecho "cargo-version=$(cargo --version)" >> $GITHUB_OUTPUT[0m
2026-06-26T10:01:06.0999671Z [36;1mcargo --version --verbose[0m
2026-06-26T10:01:06.1000029Z [36;1mecho "rustup-version=$(rustup --version)" >> $GITHUB_OUTPUT[0m
2026-06-26T10:01:06.1000659Z [36;1mrustup --version[0m
2026-06-26T10:01:06.1000966Z [36;1m[0m
2026-06-26T10:01:06.1001429Z [36;1m_srt_DATE=$(rustc --version --verbose | sed -ne 's/^commit-date: \(20[0-9][0-9]\)-\([01][0-9]\)-\([0-3][0-9]\)$/\1\2\3/p')[0m
2026-06-26T10:01:06.1002294Z [36;1m_srt_HASH=$(rustc --version --verbose | sed -ne 's/^commit-hash: //p')[0m
2026-06-26T10:01:06.1002823Z [36;1mecho "cachekey=$(echo $_srt_DATE$_srt_HASH | head -c12)" >> $GITHUB_OUTPUT[0m
2026-06-26T10:01:06.1036530Z shell: /usr/bin/bash --noprofile --norc -e -o pipefail {0}
2026-06-26T10:01:06.1037022Z env:
2026-06-26T10:01:06.1037227Z   CARGO_INCREMENTAL: 0
2026-06-26T10:01:06.1037478Z   CARGO_PROFILE_DEV_DEBUG: 0
2026-06-26T10:01:06.1037732Z   CARGO_TERM_COLOR: always
2026-06-26T10:01:06.1037977Z   RUST_BACKTRACE: short
2026-06-26T10:01:06.1038217Z   RUSTFLAGS: -D warnings
2026-06-26T10:01:06.1038470Z   CARGO_UNSTABLE_SPARSE_REGISTRY: true
2026-06-26T10:01:06.1038797Z   CARGO_REGISTRIES_CRATES_IO_PROTOCOL: sparse
2026-06-26T10:01:06.1039096Z ##[endgroup]
2026-06-26T10:01:06.1387523Z rustc 1.96.0 (ac68faa20 2026-05-25)
2026-06-26T10:01:06.1387989Z binary: rustc
2026-06-26T10:01:06.1388299Z commit-hash: ac68faa20c58cbccd01ee7208bf3b6e93a7d7f96
2026-06-26T10:01:06.1388715Z commit-date: 2026-05-25
2026-06-26T10:01:06.1388972Z host: x86_64-unknown-linux-gnu
2026-06-26T10:01:06.1389244Z release: 1.96.0
2026-06-26T10:01:06.1631865Z LLVM version: 22.1.2
2026-06-26T10:01:06.8113557Z cargo 1.96.0 (30a34c682 2026-05-25)
2026-06-26T10:01:06.8114066Z release: 1.96.0
2026-06-26T10:01:06.8114541Z commit-hash: 30a34c6821b57de0aaec83a901aca39f88f6778c
2026-06-26T10:01:06.8115033Z commit-date: 2026-05-25
2026-06-26T10:01:06.8115422Z host: x86_64-unknown-linux-gnu
2026-06-26T10:01:06.8115808Z libgit2: 1.9.2 (sys:0.20.4 vendored)
2026-06-26T10:01:06.8116349Z libcurl: 8.19.0-DEV (sys:0.4.87+curl-8.19.0 vendored ssl:OpenSSL/3.5.4)
2026-06-26T10:01:06.8116912Z ssl: OpenSSL 3.5.4 30 Sep 2025
2026-06-26T10:01:06.8117448Z os: Ubuntu 24.4.0 (noble) [64-bit]
2026-06-26T10:01:06.8173633Z info: This is the version for the rustup toolchain manager, not the rustc compiler.
2026-06-26T10:01:06.8278790Z info: the currently active `rustc` version is `rustc 1.96.0 (ac68faa20 2026-05-25)`
2026-06-26T10:01:06.8335246Z info: This is the version for the rustup toolchain manager, not the rustc compiler.
2026-06-26T10:01:06.8335920Z rustup 1.29.0 (28d1352db 2026-03-05)
2026-06-26T10:01:06.8439647Z info: the currently active `rustc` version is `rustc 1.96.0 (ac68faa20 2026-05-25)`
2026-06-26T10:01:06.8814475Z ##[group]Run # Not all versions support setting CARGO_REGISTRIES_CRATES_IO_PROTOCOL
2026-06-26T10:01:06.8815078Z [36;1m# Not all versions support setting CARGO_REGISTRIES_CRATES_IO_PROTOCOL[0m
2026-06-26T10:01:06.8815609Z [36;1m# On versions 1.66, 1.67, and 1.68.0-nightly the value "sparse" is still unstable.[0m
2026-06-26T10:01:06.8816175Z [36;1m# https://github.com/dtolnay/rust-toolchain/pull/69#discussion_r1107268108[0m
2026-06-26T10:01:06.8816747Z [36;1m# If we detect an incompatible value, set it to "git" which is always supported.[0m
2026-06-26T10:01:06.8817485Z [36;1mif [[ "rustc 1.96.0 (ac68faa20 2026-05-25)" =~ ^rustc\ (1\.6[67]\.|1\.68\.0-nightly) && "${CARGO_REGISTRIES_CRATES_IO_PROTOCOL}" == "sparse" ]]; then[0m
2026-06-26T10:01:06.8818138Z [36;1m  echo "Downgrade cargo registry protocol to git"[0m
2026-06-26T10:01:06.8818551Z [36;1m  echo "CARGO_REGISTRIES_CRATES_IO_PROTOCOL=git" >> $GITHUB_ENV[0m
2026-06-26T10:01:06.8818922Z [36;1mfi[0m
2026-06-26T10:01:06.8852958Z shell: /usr/bin/bash --noprofile --norc -e -o pipefail {0}
2026-06-26T10:01:06.8853329Z env:
2026-06-26T10:01:06.8853544Z   CARGO_INCREMENTAL: 0
2026-06-26T10:01:06.8853782Z   CARGO_PROFILE_DEV_DEBUG: 0
2026-06-26T10:01:06.8854039Z   CARGO_TERM_COLOR: always
2026-06-26T10:01:06.8854292Z   RUST_BACKTRACE: short
2026-06-26T10:01:06.8854526Z   RUSTFLAGS: -D warnings
2026-06-26T10:01:06.8854773Z   CARGO_UNSTABLE_SPARSE_REGISTRY: true
2026-06-26T10:01:06.8855079Z   CARGO_REGISTRIES_CRATES_IO_PROTOCOL: sparse
2026-06-26T10:01:06.8855380Z ##[endgroup]
2026-06-26T10:01:06.8977839Z ##[group]Run make check
2026-06-26T10:01:06.8978117Z [36;1mmake check[0m
2026-06-26T10:01:06.9009721Z shell: /usr/bin/bash -e {0}
2026-06-26T10:01:06.9010165Z env:
2026-06-26T10:01:06.9010650Z   CARGO_INCREMENTAL: 0
2026-06-26T10:01:06.9010908Z   CARGO_PROFILE_DEV_DEBUG: 0
2026-06-26T10:01:06.9011165Z   CARGO_TERM_COLOR: always
2026-06-26T10:01:06.9011404Z   RUST_BACKTRACE: short
2026-06-26T10:01:06.9011638Z   RUSTFLAGS: -D warnings
2026-06-26T10:01:06.9011896Z   CARGO_UNSTABLE_SPARSE_REGISTRY: true
2026-06-26T10:01:06.9012206Z   CARGO_REGISTRIES_CRATES_IO_PROTOCOL: sparse
2026-06-26T10:01:06.9012499Z ##[endgroup]
2026-06-26T10:01:06.9115229Z cargo fmt --all -- --check
2026-06-26T10:01:08.2235788Z cargo clippy --all-targets --all-features -- -D warnings -D clippy::all -D clippy::pedantic -D clippy::cargo -A clippy::multiple-crate-versions
2026-06-26T10:01:08.9053108Z [1m[92m Downloading[0m crates ...
2026-06-26T10:01:09.0651170Z [1m[92m  Downloaded[0m autocfg v1.1.0
2026-06-26T10:01:09.0730687Z [1m[92m  Downloaded[0m anstyle-query v1.0.0
2026-06-26T10:01:09.0788778Z [1m[92m  Downloaded[0m anstyle v1.0.9
2026-06-26T10:01:09.0806629Z [1m[92m  Downloaded[0m anstyle v0.3.1
2026-06-26T10:01:09.0837931Z [1m[92m  Downloaded[0m anstream v0.6.13
2026-06-26T10:01:09.0862871Z [1m[92m  Downloaded[0m caseless v0.2.1
2026-06-26T10:01:09.0883073Z [1m[92m  Downloaded[0m predicates-tree v1.0.7
2026-06-26T10:01:09.0895528Z [1m[92m  Downloaded[0m scopeguard v1.1.0
2026-06-26T10:01:09.0908881Z [1m[92m  Downloaded[0m indoc v2.0.5
2026-06-26T10:01:09.0945247Z [1m[92m  Downloaded[0m utf8parse v0.2.1
2026-06-26T10:01:09.0958148Z [1m[92m  Downloaded[0m termtree v0.4.0
2026-06-26T10:01:09.0968729Z [1m[92m  Downloaded[0m phf_shared v0.13.1
2026-06-26T10:01:09.0981615Z [1m[92m  Downloaded[0m phf_generator v0.13.1
2026-06-26T10:01:09.0994263Z [1m[92m  Downloaded[0m phf_codegen v0.13.1
2026-06-26T10:01:09.1004531Z [1m[92m  Downloaded[0m clap_lex v0.7.4
2026-06-26T10:01:09.1019305Z [1m[92m  Downloaded[0m wait-timeout v0.2.0
2026-06-26T10:01:09.1036465Z [1m[92m  Downloaded[0m signal-hook-registry v1.4.1
2026-06-26T10:01:09.1050263Z [1m[92m  Downloaded[0m quote v1.0.36
2026-06-26T10:01:09.1078918Z [1m[92m  Downloaded[0m errno v0.3.9
2026-06-26T10:01:09.1094916Z [1m[92m  Downloaded[0m strip-ansi-escapes v0.2.1
2026-06-26T10:01:09.1108772Z [1m[92m  Downloaded[0m typed-arena v2.0.2
2026-06-26T10:01:09.1168040Z [1m[92m  Downloaded[0m siphasher v1.0.3
2026-06-26T10:01:09.1277917Z [1m[92m  Downloaded[0m unicode-ident v1.0.8
2026-06-26T10:01:09.1306209Z [1m[92m  Downloaded[0m lock_api v0.4.9
2026-06-26T10:01:09.1319314Z [1m[92m  Downloaded[0m jetscii v0.5.3
2026-06-26T10:01:09.1341668Z [1m[92m  Downloaded[0m tinyvec v1.8.0
2026-06-26T10:01:09.1369200Z [1m[92m  Downloaded[0m clap_complete_nushell v4.5.4
2026-06-26T10:01:09.1387363Z [1m[92m  Downloaded[0m tempfile v3.17.1
2026-06-26T10:01:09.1421705Z [1m[92m  Downloaded[0m vte v0.14.1
2026-06-26T10:01:09.1449989Z [1m[92m  Downloaded[0m proc-macro2 v1.0.89
2026-06-26T10:01:09.1477200Z [1m[92m  Downloaded[0m memchr v2.8.0
2026-06-26T10:01:09.1535513Z [1m[92m  Downloaded[0m termdiff v4.2.1
2026-06-26T10:01:09.1576925Z [1m[92m  Downloaded[0m mio v1.0.2
2026-06-26T10:01:09.1638029Z [1m[92m  Downloaded[0m unicode-normalization v0.1.24
2026-06-26T10:01:09.1677115Z [1m[92m  Downloaded[0m nom v8.0.0
2026-06-26T10:01:09.1734279Z [1m[92m  Downloaded[0m crossterm v0.28.1
2026-06-26T10:01:09.1804291Z [1m[92m  Downloaded[0m clap_builder v4.5.31
2026-06-26T10:01:09.1869047Z [1m[92m  Downloaded[0m regex-automata v0.1.10
2026-06-26T10:01:09.1923004Z [1m[92m  Downloaded[0m itertools v0.10.5
2026-06-26T10:01:09.1994374Z [1m[92m  Downloaded[0m finl_unicode v1.4.0
2026-06-26T10:01:09.2030359Z [1m[92m  Downloaded[0m regex v1.7.1
2026-06-26T10:01:09.2108398Z [1m[92m  Downloaded[0m syn v2.0.87
2026-06-26T10:01:09.2212340Z [1m[92m  Downloaded[0m regex-syntax v0.6.28
2026-06-26T10:01:09.2274813Z [1m[92m  Downloaded[0m comrak v0.52.0
2026-06-26T10:01:09.2388906Z [1m[92m  Downloaded[0m bstr v1.3.0
2026-06-26T10:01:09.2473208Z [1m[92m  Downloaded[0m clap v4.5.31
2026-06-26T10:01:09.2561159Z [1m[92m  Downloaded[0m signal-hook v0.3.17
2026-06-26T10:01:09.2592246Z [1m[92m  Downloaded[0m rustix v0.38.39
2026-06-26T10:01:09.2852172Z [1m[92m  Downloaded[0m clap_derive v4.5.28
2026-06-26T10:01:09.2873858Z [1m[92m  Downloaded[0m similar v2.7.0
2026-06-26T10:01:09.2928029Z [1m[92m  Downloaded[0m log v0.4.17
2026-06-26T10:01:09.2949337Z [1m[92m  Downloaded[0m clap_complete v4.1.4
2026-06-26T10:01:09.2971775Z [1m[92m  Downloaded[0m smallvec v1.15.1
2026-06-26T10:01:09.2993289Z [1m[92m  Downloaded[0m phf v0.13.1
2026-06-26T10:01:09.3006648Z [1m[92m  Downloaded[0m parking_lot_core v0.9.7
2026-06-26T10:01:09.3026908Z [1m[92m  Downloaded[0m parking_lot v0.12.1
2026-06-26T10:01:09.3051546Z [1m[92m  Downloaded[0m entities v1.0.1
2026-06-26T10:01:09.3063455Z [1m[92m  Downloaded[0m signal-hook-mio v0.2.4
2026-06-26T10:01:09.3075872Z [1m[92m  Downloaded[0m difflib v0.4.0
2026-06-26T10:01:09.3085229Z [1m[92m  Downloaded[0m clap_complete_command v0.6.1
2026-06-26T10:01:09.3096644Z [1m[92m  Downloaded[0m aho-corasick v0.7.20
2026-06-26T10:01:09.3132179Z [1m[92m  Downloaded[0m predicates v3.0.1
2026-06-26T10:01:09.3157721Z [1m[92m  Downloaded[0m once_cell v1.20.2
2026-06-26T10:01:09.3183204Z [1m[92m  Downloaded[0m getrandom v0.3.1
2026-06-26T10:01:09.3218912Z [1m[92m  Downloaded[0m fastrand v2.1.1
2026-06-26T10:01:09.3232208Z [1m[92m  Downloaded[0m cfg-if v1.0.0
2026-06-26T10:01:09.3243774Z [1m[92m  Downloaded[0m either v1.8.1
2026-06-26T10:01:09.3256810Z [1m[92m  Downloaded[0m libc v0.2.161
2026-06-26T10:01:09.3545652Z [1m[92m  Downloaded[0m maplit v1.0.2
2026-06-26T10:01:09.3555055Z [1m[92m  Downloaded[0m predicates-core v1.0.6
2026-06-26T10:01:09.3565076Z [1m[92m  Downloaded[0m colorchoice v1.0.0
2026-06-26T10:01:09.3572778Z [1m[92m  Downloaded[0m bitflags v2.4.1
2026-06-26T10:01:09.3599229Z [1m[92m  Downloaded[0m assert_cmd v2.2.2
2026-06-26T10:01:09.3618375Z [1m[92m  Downloaded[0m anstyle-parse v0.2.0
2026-06-26T10:01:09.3704392Z [1m[92m  Downloaded[0m linux-raw-sys v0.4.14
2026-06-26T10:01:09.4795512Z [1m[92m   Compiling[0m libc v0.2.161
2026-06-26T10:01:09.4796093Z [1m[92m   Compiling[0m proc-macro2 v1.0.89
2026-06-26T10:01:09.4796510Z [1m[92m   Compiling[0m unicode-ident v1.0.8
2026-06-26T10:01:09.4797158Z [1m[92m    Checking[0m cfg-if v1.0.0
2026-06-26T10:01:10.3707193Z [1m[92m    Checking[0m utf8parse v0.2.1
2026-06-26T10:01:11.0895507Z [1m[92m    Checking[0m anstyle v1.0.9
2026-06-26T10:01:11.3794784Z [1m[92m    Checking[0m anstyle-parse v0.2.0
2026-06-26T10:01:11.5261279Z [1m[92m   Compiling[0m autocfg v1.1.0
2026-06-26T10:01:11.7983403Z [1m[92m    Checking[0m anstyle-query v1.0.0
2026-06-26T10:01:11.8326489Z [1m[92m   Compiling[0m memchr v2.8.0
2026-06-26T10:01:11.9155559Z [1m[92m   Compiling[0m log v0.4.17
2026-06-26T10:01:12.4400814Z [1m[92m    Checking[0m colorchoice v1.0.0
2026-06-26T10:01:12.4706352Z [1m[92m   Compiling[0m siphasher v1.0.3
2026-06-26T10:01:12.5755672Z [1m[92m   Compiling[0m phf_shared v0.13.1
2026-06-26T10:01:12.7724720Z [1m[92m    Checking[0m anstream v0.6.13
2026-06-26T10:01:12.8723782Z [1m[92m   Compiling[0m aho-corasick v0.7.20
2026-06-26T10:01:13.2805227Z [1m[92m   Compiling[0m lock_api v0.4.9
2026-06-26T10:01:13.3496674Z [1m[92m   Compiling[0m fastrand v2.1.1
2026-06-26T10:01:13.5154998Z [1m[92m   Compiling[0m parking_lot_core v0.9.7
2026-06-26T10:01:13.6272242Z [1m[92m   Compiling[0m regex-syntax v0.6.28
2026-06-26T10:01:14.0265864Z [1m[92m   Compiling[0m quote v1.0.36
2026-06-26T10:01:14.1462337Z [1m[92m    Checking[0m clap_lex v0.7.4
2026-06-26T10:01:14.2337491Z [1m[92m   Compiling[0m syn v2.0.87
2026-06-26T10:01:14.2391754Z [1m[92m   Compiling[0m signal-hook v0.3.17
2026-06-26T10:01:14.3162830Z [1m[92m   Compiling[0m rustix v0.38.39
2026-06-26T10:01:14.4462018Z [1m[92m   Compiling[0m heck v0.5.0
2026-06-26T10:01:14.5033732Z [1m[92m    Checking[0m strsim v0.11.1
2026-06-26T10:01:14.6112107Z [1m[92m    Checking[0m smallvec v1.15.1
2026-06-26T10:01:14.6522231Z [1m[92m    Checking[0m clap_builder v4.5.31
2026-06-26T10:01:14.7913433Z [1m[92m    Checking[0m signal-hook-registry v1.4.1
2026-06-26T10:01:14.9313026Z [1m[92m   Compiling[0m phf_generator v0.13.1
2026-06-26T10:01:15.1109913Z [1m[92m   Compiling[0m regex v1.7.1
2026-06-26T10:01:15.8967832Z [1m[92m    Checking[0m bitflags v2.4.1
2026-06-26T10:01:15.9830975Z [1m[92m    Checking[0m tinyvec_macros v0.1.1
2026-06-26T10:01:16.0152237Z [1m[92m    Checking[0m linux-raw-sys v0.4.14
2026-06-26T10:01:16.0203453Z [1m[92m    Checking[0m scopeguard v1.1.0
2026-06-26T10:01:16.1994917Z [1m[92m    Checking[0m tinyvec v1.8.0
2026-06-26T10:01:16.8312094Z [1m[92m    Checking[0m mio v1.0.2
2026-06-26T10:01:17.0742493Z [1m[92m   Compiling[0m phf_codegen v0.13.1
2026-06-26T10:01:17.1262264Z [1m[92m   Compiling[0m caseless v0.2.1
2026-06-26T10:01:17.3293421Z [1m[92m   Compiling[0m getrandom v0.3.1
2026-06-26T10:01:17.4472354Z [1m[92m   Compiling[0m entities v1.0.1
2026-06-26T10:01:17.4495735Z [1m[92m    Checking[0m once_cell v1.20.2
2026-06-26T10:01:17.5502507Z [1m[92m   Compiling[0m jetscii v0.5.3
2026-06-26T10:01:17.8042426Z [1m[92m   Compiling[0m comrak v0.52.0
2026-06-26T10:01:17.8288913Z [1m[92m    Checking[0m signal-hook-mio v0.2.4
2026-06-26T10:01:17.8321529Z [1m[92m   Compiling[0m clap_derive v4.5.28
2026-06-26T10:01:17.9152019Z [1m[92m    Checking[0m parking_lot v0.12.1
2026-06-26T10:01:17.9938260Z [1m[92m    Checking[0m unicode-normalization v0.1.24
2026-06-26T10:01:18.0493517Z [1m[92m   Compiling[0m thiserror v2.0.18
2026-06-26T10:01:18.0665356Z [1m[92m    Checking[0m predicates-core v1.0.6
2026-06-26T10:01:18.1322227Z [1m[92m    Checking[0m either v1.8.1
2026-06-26T10:01:18.2680934Z [1m[92m    Checking[0m itertools v0.10.5
2026-06-26T10:01:18.3285900Z [1m[92m    Checking[0m crossterm v0.28.1
2026-06-26T10:01:18.4798765Z [1m[92m   Compiling[0m thiserror-impl v2.0.18
2026-06-26T10:01:18.8462136Z [1m[92m    Checking[0m phf v0.13.1
2026-06-26T10:01:19.0202903Z [1m[92m    Checking[0m vte v0.14.1
2026-06-26T10:01:19.1299037Z [1m[92m    Checking[0m typed-arena v2.0.2
2026-06-26T10:01:19.1945052Z [1m[92m    Checking[0m rustc-hash v2.1.2
2026-06-26T10:01:19.2482148Z [1m[92m    Checking[0m termtree v0.4.0
2026-06-26T10:01:19.3166008Z [1m[92m    Checking[0m finl_unicode v1.4.0
2026-06-26T10:01:19.3621955Z [1m[92m    Checking[0m powerfmt v0.2.0
2026-06-26T10:01:19.4482088Z [1m[92m    Checking[0m similar v2.7.0
2026-06-26T10:01:19.5252449Z [1m[92m    Checking[0m deranged v0.5.8
2026-06-26T10:01:19.6043091Z [1m[92m    Checking[0m regex-automata v0.1.10
2026-06-26T10:01:19.6102638Z [1m[92m    Checking[0m clap v4.5.31
2026-06-26T10:01:19.6377919Z [1m[92m    Checking[0m clap_complete v4.1.4
2026-06-26T10:01:19.7469578Z [1m[92m    Checking[0m time-core v0.1.9
2026-06-26T10:01:19.8272162Z [1m[92m    Checking[0m clap_complete_nushell v4.5.4
2026-06-26T10:01:19.8686637Z [1m[92m   Compiling[0m assert_cmd v2.2.2
2026-06-26T10:01:19.8759510Z [1m[92m    Checking[0m num-conv v0.2.2
2026-06-26T10:01:19.8782506Z [1m[92m    Checking[0m anstyle v0.3.1
2026-06-26T10:01:19.9585060Z [1m[92m    Checking[0m difflib v0.4.0
2026-06-26T10:01:19.9962054Z [1m[92m    Checking[0m clap_complete_command v0.6.1
2026-06-26T10:01:20.0089843Z [1m[92m    Checking[0m termdiff v4.2.1
2026-06-26T10:01:20.0582051Z [1m[92m    Checking[0m bstr v1.3.0
2026-06-26T10:01:20.0732261Z [1m[92m    Checking[0m predicates v3.0.1
2026-06-26T10:01:20.3123431Z [1m[92m    Checking[0m tempfile v3.17.1
2026-06-26T10:01:20.3780240Z [1m[92m    Checking[0m predicates-tree v1.0.7
2026-06-26T10:01:20.4252264Z [1m[92m    Checking[0m strip-ansi-escapes v0.2.1
2026-06-26T10:01:20.4495569Z [1m[92m    Checking[0m wait-timeout v0.2.0
2026-06-26T10:01:20.4792137Z [1m[92m    Checking[0m nom v8.0.0
2026-06-26T10:01:20.5112974Z [1m[92m    Checking[0m shell-words v1.1.1
2026-06-26T10:01:20.5502093Z [1m[92m    Checking[0m time v0.3.51
2026-06-26T10:01:20.7292138Z [1m[92m   Compiling[0m indoc v2.0.5
2026-06-26T10:01:21.0102502Z [1m[92m    Checking[0m maplit v1.0.2
2026-06-26T10:01:22.4141165Z [1m[92m    Checking[0m specdown v1.5.0 (/home/runner/work/specdown/specdown)
2026-06-26T10:01:23.6075632Z [1m[91merror[0m[1m: item in documentation is missing backticks[0m
2026-06-26T10:01:23.6098250Z ##[error]   [1m[94m--> [0msrc/results/basic_printer.rs:261:31
2026-06-26T10:01:23.6105735Z     [1m[94m|[0m
2026-06-26T10:01:23.6106279Z [1m[94m261[0m [1m[94m|[0m     /// Helper that creates a BasicPrinter with no colour and captures
2026-06-26T10:01:23.6106899Z     [1m[94m|[0m                               [1m[91m^^^^^^^^^^^^[0m
2026-06-26T10:01:23.6107267Z     [1m[94m|[0m
2026-06-26T10:01:23.6107943Z     [1m[94m= [0m[1mhelp[0m: for further information visit https://rust-lang.github.io/rust-clippy/rust-1.96.0/index.html#doc_markdown
2026-06-26T10:01:23.6109021Z     [1m[94m= [0m[1mnote[0m: `-D clippy::doc-markdown` implied by `-D clippy::pedantic`
2026-06-26T10:01:23.6109708Z     [1m[94m= [0m[1mhelp[0m: to override `-D clippy::pedantic` add `#[allow(clippy::doc_markdown)]`
2026-06-26T10:01:23.6110193Z [1m[96mhelp[0m: try
2026-06-26T10:01:23.6110704Z     [1m[94m|[0m
2026-06-26T10:01:23.6111282Z [1m[94m261[0m [91m- [0m    /// Helper that creates a [91mBasicPrinter[0m with no colour and captures
2026-06-26T10:01:23.6112258Z [1m[94m261[0m [92m+ [0m    /// Helper that creates a [92m`BasicPrinter`[0m with no colour and captures
2026-06-26T10:01:23.6113000Z     [1m[94m|[0m
2026-06-26T10:01:23.6113209Z 
2026-06-26T10:01:23.8051903Z [1m[91merror[0m: could not compile `specdown` (bin "specdown" test) due to 1 previous error
2026-06-26T10:01:23.8228333Z make: *** [Makefile:29: check] Error 101
2026-06-26T10:01:23.8237042Z ##[error]Process completed with exit code 2.
2026-06-26T10:01:23.8327118Z Post job cleanup.
2026-06-26T10:01:23.8506057Z Post job cleanup.
2026-06-26T10:01:23.8538796Z Post job cleanup.
2026-06-26T10:01:23.8597101Z Node 20 is being deprecated. This workflow is running with Node 24 by default. If you need to temporarily use Node 20, you can set the ACTIONS_ALLOW_USE_UNSECURE_NODE_VERSION=true environment variable. For more information see: https://github.blog/changelog/2025-09-19-deprecation-of-node-20-on-github-actions-runners/
2026-06-26T10:01:23.8598244Z Post job cleanup.
2026-06-26T10:01:23.9468887Z [command]/usr/bin/git version
2026-06-26T10:01:23.9507719Z git version 2.54.0
2026-06-26T10:01:23.9544004Z Temporarily overriding HOME='/home/runner/work/_temp/a63da3eb-2573-4ea4-814d-f86b9d45f5f2' before making global git config changes
2026-06-26T10:01:23.9544963Z Adding repository directory to the temporary git global config as a safe directory
2026-06-26T10:01:23.9549830Z [command]/usr/bin/git config --global --add safe.directory /home/runner/work/specdown/specdown
2026-06-26T10:01:23.9588353Z [command]/usr/bin/git config --local --name-only --get-regexp core\.sshCommand
2026-06-26T10:01:23.9647135Z [command]/usr/bin/git submodule foreach --recursive sh -c "git config --local --name-only --get-regexp 'core\.sshCommand' && git config --local --unset-all 'core.sshCommand' || :"
2026-06-26T10:01:23.9883598Z [command]/usr/bin/git config --local --name-only --get-regexp http\.https\:\/\/github\.com\/\.extraheader
2026-06-26T10:01:23.9912583Z http.https://github.com/.extraheader
2026-06-26T10:01:23.9923401Z [command]/usr/bin/git config --local --unset-all http.https://github.com/.extraheader
2026-06-26T10:01:23.9955374Z [command]/usr/bin/git submodule foreach --recursive sh -c "git config --local --name-only --get-regexp 'http\.https\:\/\/github\.com\/\.extraheader' && git config --local --unset-all 'http.https://github.com/.extraheader' || :"
2026-06-26T10:01:24.0191967Z [command]/usr/bin/git config --local --name-only --get-regexp ^includeIf\.gitdir:
2026-06-26T10:01:24.0227291Z [command]/usr/bin/git submodule foreach --recursive git config --local --show-origin --name-only --get-regexp remote.origin.url
2026-06-26T10:01:24.0616211Z Cleaning up orphan processes
2026-06-26T10:01:24.0911900Z ##[warning]Node.js 20 is deprecated. The following actions target Node.js 20 but are being forced to run on Node.js 24: actions/checkout@v4. For more information see: https://github.blog/changelog/2025-09-19-deprecation-of-node-20-on-github-actions-runners/
